{"numTotalTestSuites":17,"numPassedTestSuites":16,"numFailedTestSuites":1,"numPendingTestSuites":0,"numTotalTests":201,"numPassedTests":200,"numFailedTests":1,"numPendingTests":0,"numTodoTests":0,"snapshot":{"added":0,"failure":false,"filesAdded":0,"filesRemoved":0,"filesRemovedList":[],"filesUnmatched":0,"filesUpdated":0,"matched":0,"total":0,"unchecked":0,"uncheckedKeysByFile":[],"unmatched":0,"updated":0,"didUpdate":false},"startTime":1753755892535,"success":false,"testResults":[{"assertionResults":[{"ancestorTitles":[],"fullName":"creates a new file system with root directory","status":"passed","title":"creates a new file system with root directory","duration":3.735899999999674,"failureMessages":[],"meta":{}},{"ancestorTitles":[],"fullName":"normalizes paths correctly","status":"passed","title":"normalizes paths correctly","duration":1.1452999999996791,"failureMessages":[],"meta":{}},{"ancestorTitles":[],"fullName":"creates files in root directory","status":"passed","title":"creates files in root directory","duration":0.7086999999996806,"failureMessages":[],"meta":{}},{"ancestorTitles":[],"fullName":"creates directories","status":"passed","title":"creates directories","duration":0.6107999999999265,"failureMessages":[],"meta":{}},{"ancestorTitles":[],"fullName":"creates nested files and directories","status":"passed","title":"creates nested files and directories","duration":0.6741000000001804,"failureMessages":[],"meta":{}},{"ancestorTitles":[],"fullName":"returns null when creating existing file","status":"passed","title":"returns null when creating existing file","duration":0.40059999999994034,"failureMessages":[],"meta":{}},{"ancestorTitles":[],"fullName":"returns null when creating existing directory","status":"passed","title":"returns null when creating existing directory","duration":0.1936000000000604,"failureMessages":[],"meta":{}},{"ancestorTitles":[],"fullName":"creates file with parent directories automatically","status":"passed","title":"creates file with parent directories automatically","duration":0.35980000000017753,"failureMessages":[],"meta":{}},{"ancestorTitles":[],"fullName":"creates deeply nested file with all parent directories","status":"passed","title":"creates deeply nested file with all parent directories","duration":0.8233000000000175,"failureMessages":[],"meta":{}},{"ancestorTitles":[],"fullName":"reads file content","status":"passed","title":"reads file content","duration":0.25540000000000873,"failureMessages":[],"meta":{}},{"ancestorTitles":[],"fullName":"returns null when reading non-existent file","status":"passed","title":"returns null when reading non-existent file","duration":0.1631999999999607,"failureMessages":[],"meta":{}},{"ancestorTitles":[],"fullName":"returns null when reading directory as file","status":"passed","title":"returns null when reading directory as file","duration":0.17010000000027503,"failureMessages":[],"meta":{}},{"ancestorTitles":[],"fullName":"updates file content","status":"passed","title":"updates file content","duration":0.34380000000010114,"failureMessages":[],"meta":{}},{"ancestorTitles":[],"fullName":"returns false when updating non-existent file","status":"passed","title":"returns false when updating non-existent file","duration":0.1546000000003005,"failureMessages":[],"meta":{}},{"ancestorTitles":[],"fullName":"returns false when updating directory","status":"passed","title":"returns false when updating directory","duration":0.15970000000015716,"failureMessages":[],"meta":{}},{"ancestorTitles":[],"fullName":"deletes files","status":"passed","title":"deletes files","duration":0.3330999999998312,"failureMessages":[],"meta":{}},{"ancestorTitles":[],"fullName":"deletes directories recursively","status":"passed","title":"deletes directories recursively","duration":0.44610000000011496,"failureMessages":[],"meta":{}},{"ancestorTitles":[],"fullName":"returns false when deleting non-existent file","status":"passed","title":"returns false when deleting non-existent file","duration":0.1653000000001157,"failureMessages":[],"meta":{}},{"ancestorTitles":[],"fullName":"returns false when deleting root directory","status":"passed","title":"returns false when deleting root directory","duration":0.14609999999993306,"failureMessages":[],"meta":{}},{"ancestorTitles":[],"fullName":"checks if path exists","status":"passed","title":"checks if path exists","duration":0.26549999999997453,"failureMessages":[],"meta":{}},{"ancestorTitles":[],"fullName":"lists directory contents","status":"passed","title":"lists directory contents","duration":3.055399999999736,"failureMessages":[],"meta":{}},{"ancestorTitles":[],"fullName":"returns null when listing non-directory","status":"passed","title":"returns null when listing non-directory","duration":0.24080000000003565,"failureMessages":[],"meta":{}},{"ancestorTitles":[],"fullName":"returns empty array for empty directory","status":"passed","title":"returns empty array for empty directory","duration":0.19880000000011933,"failureMessages":[],"meta":{}},{"ancestorTitles":[],"fullName":"gets all files as a map","status":"passed","title":"gets all files as a map","duration":0.40970000000015716,"failureMessages":[],"meta":{}},{"ancestorTitles":[],"fullName":"serializes file system to plain object","status":"passed","title":"serializes file system to plain object","duration":0.5123999999996158,"failureMessages":[],"meta":{}},{"ancestorTitles":[],"fullName":"deserializes from file map","status":"passed","title":"deserializes from file map","duration":0.48389999999972133,"failureMessages":[],"meta":{}},{"ancestorTitles":[],"fullName":"deserializes from node map","status":"passed","title":"deserializes from node map","duration":0.4471000000003187,"failureMessages":[],"meta":{}},{"ancestorTitles":[],"fullName":"viewFile shows file content with line numbers","status":"passed","title":"viewFile shows file content with line numbers","duration":0.3553999999999178,"failureMessages":[],"meta":{}},{"ancestorTitles":[],"fullName":"viewFile with view range","status":"passed","title":"viewFile with view range","duration":1.1178999999997359,"failureMessages":[],"meta":{}},{"ancestorTitles":[],"fullName":"viewFile shows directory contents","status":"passed","title":"viewFile shows directory contents","duration":17.6270999999997,"failureMessages":[],"meta":{}},{"ancestorTitles":[],"fullName":"viewFile shows empty directory","status":"passed","title":"viewFile shows empty directory","duration":0.21939999999995052,"failureMessages":[],"meta":{}},{"ancestorTitles":[],"fullName":"viewFile shows empty file","status":"passed","title":"viewFile shows empty file","duration":0.22360000000026048,"failureMessages":[],"meta":{}},{"ancestorTitles":[],"fullName":"viewFile returns error for non-existent path","status":"passed","title":"viewFile returns error for non-existent path","duration":0.14640000000008513,"failureMessages":[],"meta":{}},{"ancestorTitles":[],"fullName":"createFileWithParents creates parent directories","status":"passed","title":"createFileWithParents creates parent directories","duration":0.37570000000005166,"failureMessages":[],"meta":{}},{"ancestorTitles":[],"fullName":"createFileWithParents returns error for existing file","status":"passed","title":"createFileWithParents returns error for existing file","duration":0.15929999999980282,"failureMessages":[],"meta":{}},{"ancestorTitles":[],"fullName":"replaceInFile replaces all occurrences","status":"passed","title":"replaceInFile replaces all occurrences","duration":0.45269999999982247,"failureMessages":[],"meta":{}},{"ancestorTitles":[],"fullName":"replaceInFile handles empty replacement","status":"passed","title":"replaceInFile handles empty replacement","duration":0.32059999999955835,"failureMessages":[],"meta":{}},{"ancestorTitles":[],"fullName":"replaceInFile returns error for non-existent file","status":"passed","title":"replaceInFile returns error for non-existent file","duration":0.40000000000009095,"failureMessages":[],"meta":{}},{"ancestorTitles":[],"fullName":"replaceInFile returns error for directory","status":"passed","title":"replaceInFile returns error for directory","duration":0.28909999999996217,"failureMessages":[],"meta":{}},{"ancestorTitles":[],"fullName":"replaceInFile returns error when string not found","status":"passed","title":"replaceInFile returns error when string not found","duration":0.22489999999970678,"failureMessages":[],"meta":{}},{"ancestorTitles":[],"fullName":"insertInFile inserts text at specified line","status":"passed","title":"insertInFile inserts text at specified line","duration":0.38550000000032014,"failureMessages":[],"meta":{}},{"ancestorTitles":[],"fullName":"insertInFile inserts at beginning","status":"passed","title":"insertInFile inserts at beginning","duration":0.22790000000031796,"failureMessages":[],"meta":{}},{"ancestorTitles":[],"fullName":"insertInFile inserts at end","status":"passed","title":"insertInFile inserts at end","duration":0.20449999999982538,"failureMessages":[],"meta":{}},{"ancestorTitles":[],"fullName":"insertInFile returns error for invalid line number","status":"passed","title":"insertInFile returns error for invalid line number","duration":0.23890000000028522,"failureMessages":[],"meta":{}},{"ancestorTitles":[],"fullName":"insertInFile returns error for non-existent file","status":"passed","title":"insertInFile returns error for non-existent file","duration":0.15519999999969514,"failureMessages":[],"meta":{}},{"ancestorTitles":[],"fullName":"insertInFile returns error for directory","status":"passed","title":"insertInFile returns error for directory","duration":0.15279999999984284,"failureMessages":[],"meta":{}},{"ancestorTitles":[],"fullName":"rename moves a file to a new location","status":"passed","title":"rename moves a file to a new location","duration":0.6182999999996355,"failureMessages":[],"meta":{}},{"ancestorTitles":[],"fullName":"rename moves a file to a different directory","status":"passed","title":"rename moves a file to a different directory","duration":0.33219999999982974,"failureMessages":[],"meta":{}},{"ancestorTitles":[],"fullName":"rename creates parent directories if they don't exist","status":"passed","title":"rename creates parent directories if they don't exist","duration":0.5358000000001084,"failureMessages":[],"meta":{}},{"ancestorTitles":[],"fullName":"rename moves a directory and all its contents","status":"passed","title":"rename moves a directory and all its contents","duration":0.7153000000002976,"failureMessages":[],"meta":{}},{"ancestorTitles":[],"fullName":"rename moves a directory to a nested location with parent creation","status":"passed","title":"rename moves a directory to a nested location with parent creation","duration":0.45580000000018117,"failureMessages":[],"meta":{}},{"ancestorTitles":[],"fullName":"rename returns false when source doesn't exist","status":"passed","title":"rename returns false when source doesn't exist","duration":0.23329999999987194,"failureMessages":[],"meta":{}},{"ancestorTitles":[],"fullName":"rename returns false when destination already exists","status":"passed","title":"rename returns false when destination already exists","duration":0.3572999999996682,"failureMessages":[],"meta":{}},{"ancestorTitles":[],"fullName":"rename returns false when trying to rename root directory","status":"passed","title":"rename returns false when trying to rename root directory","duration":1.3750999999997475,"failureMessages":[],"meta":{}},{"ancestorTitles":[],"fullName":"rename returns false when destination is root","status":"passed","title":"rename returns false when destination is root","duration":1.003099999999904,"failureMessages":[],"meta":{}},{"ancestorTitles":[],"fullName":"rename handles complex directory structure move","status":"passed","title":"rename handles complex directory structure move","duration":0.9092000000000553,"failureMessages":[],"meta":{}},{"ancestorTitles":[],"fullName":"rename preserves file content and directory structure","status":"passed","title":"rename preserves file content and directory structure","duration":0.5619000000001506,"failureMessages":[],"meta":{}},{"ancestorTitles":[],"fullName":"rename handles special characters in paths","status":"passed","title":"rename handles special characters in paths","duration":0.3425000000002001,"failureMessages":[],"meta":{}},{"ancestorTitles":[],"fullName":"rename normalizes paths correctly","status":"passed","title":"rename normalizes paths correctly","duration":0.24729999999999563,"failureMessages":[],"meta":{}},{"ancestorTitles":[],"fullName":"rename handles empty directories","status":"passed","title":"rename handles empty directories","duration":0.31970000000001164,"failureMessages":[],"meta":{}}],"startTime":1753755898341,"endTime":1753755898390.3425,"status":"passed","message":"","name":"D:/pyprj/uigen/src/lib/__tests__/file-system.test.ts"},{"assertionResults":[{"ancestorTitles":[],"fullName":"FileTree renders empty state when no files exist","status":"passed","title":"FileTree renders empty state when no files exist","duration":71.6536000000001,"failureMessages":[],"meta":{}},{"ancestorTitles":[],"fullName":"FileTree renders files and directories","status":"passed","title":"FileTree renders files and directories","duration":72.279,"failureMessages":[],"meta":{}},{"ancestorTitles":[],"fullName":"FileTree sorts directories before files","status":"passed","title":"FileTree sorts directories before files","duration":49.020300000000134,"failureMessages":[],"meta":{}},{"ancestorTitles":[],"fullName":"FileTreeNode expands and collapses directories","status":"passed","title":"FileTreeNode expands and collapses directories","duration":42.44580000000042,"failureMessages":[],"meta":{}},{"ancestorTitles":[],"fullName":"FileTreeNode selects file when clicked","status":"passed","title":"FileTreeNode selects file when clicked","duration":19.391899999999623,"failureMessages":[],"meta":{}},{"ancestorTitles":[],"fullName":"FileTreeNode highlights selected file","status":"passed","title":"FileTreeNode highlights selected file","duration":26.780899999999747,"failureMessages":[],"meta":{}},{"ancestorTitles":[],"fullName":"FileTree renders nested directory structure","status":"passed","title":"FileTree renders nested directory structure","duration":72.7496000000001,"failureMessages":[],"meta":{}},{"ancestorTitles":[],"fullName":"FileTree re-renders when refreshTrigger changes","status":"passed","title":"FileTree re-renders when refreshTrigger changes","duration":57.494300000000294,"failureMessages":[],"meta":{}}],"startTime":1753755895943,"endTime":1753755896354.4944,"status":"passed","message":"","name":"D:/pyprj/uigen/src/components/editor/__tests__/file-tree.test.tsx"},{"assertionResults":[{"ancestorTitles":[],"fullName":"renders chat interface with message list and input","status":"passed","title":"renders chat interface with message list and input","duration":70.1918999999998,"failureMessages":[],"meta":{}},{"ancestorTitles":[],"fullName":"passes correct props to MessageList","status":"passed","title":"passes correct props to MessageList","duration":13.467799999999897,"failureMessages":[],"meta":{}},{"ancestorTitles":[],"fullName":"passes correct props to MessageInput","status":"passed","title":"passes correct props to MessageInput","duration":12.556300000000192,"failureMessages":[],"meta":{}},{"ancestorTitles":[],"fullName":"isLoading is true when status is submitted","status":"passed","title":"isLoading is true when status is submitted","duration":8.753300000000309,"failureMessages":[],"meta":{}},{"ancestorTitles":[],"fullName":"isLoading is true when status is streaming","status":"passed","title":"isLoading is true when status is streaming","duration":10.4679000000001,"failureMessages":[],"meta":{}},{"ancestorTitles":[],"fullName":"isLoading is false when status is idle","status":"passed","title":"isLoading is false when status is idle","duration":4.613100000000031,"failureMessages":[],"meta":{}},{"ancestorTitles":[],"fullName":"scrolls when messages change","status":"passed","title":"scrolls when messages change","duration":12.955600000000231,"failureMessages":[],"meta":{}},{"ancestorTitles":[],"fullName":"renders with correct layout classes","status":"passed","title":"renders with correct layout classes","duration":6.873299999999745,"failureMessages":[],"meta":{}}],"startTime":1753755898595,"endTime":1753755898735.8733,"status":"passed","message":"","name":"D:/pyprj/uigen/src/components/chat/__tests__/ChatInterface.test.tsx"},{"assertionResults":[{"ancestorTitles":[],"fullName":"renders plain text content","status":"passed","title":"renders plain text content","duration":109.64730000000009,"failureMessages":[],"meta":{}},{"ancestorTitles":[],"fullName":"renders markdown heading","status":"passed","title":"renders markdown heading","duration":141.57569999999987,"failureMessages":[],"meta":{}},{"ancestorTitles":[],"fullName":"renders multiple heading levels","status":"passed","title":"renders multiple heading levels","duration":46.10039999999981,"failureMessages":[],"meta":{}},{"ancestorTitles":[],"fullName":"renders inline code with custom styling","status":"passed","title":"renders inline code with custom styling","duration":9.937199999999848,"failureMessages":[],"meta":{}},{"ancestorTitles":[],"fullName":"renders code blocks with language class","status":"passed","title":"renders code blocks with language class","duration":10.586900000000242,"failureMessages":[],"meta":{}},{"ancestorTitles":[],"fullName":"renders code blocks without custom inline styling","status":"passed","title":"renders code blocks without custom inline styling","duration":7.009500000000116,"failureMessages":[],"meta":{}},{"ancestorTitles":[],"fullName":"applies custom className to wrapper div","status":"passed","title":"applies custom className to wrapper div","duration":7.905799999999999,"failureMessages":[],"meta":{}},{"ancestorTitles":[],"fullName":"renders bold text","status":"passed","title":"renders bold text","duration":8.998700000000099,"failureMessages":[],"meta":{}},{"ancestorTitles":[],"fullName":"renders italic text","status":"passed","title":"renders italic text","duration":24.494700000000194,"failureMessages":[],"meta":{}},{"ancestorTitles":[],"fullName":"renders links","status":"passed","title":"renders links","duration":50.733000000000175,"failureMessages":[],"meta":{}},{"ancestorTitles":[],"fullName":"renders unordered lists","status":"passed","title":"renders unordered lists","duration":62.32679999999982,"failureMessages":[],"meta":{}},{"ancestorTitles":[],"fullName":"renders ordered lists","status":"passed","title":"renders ordered lists","duration":13.438600000000406,"failureMessages":[],"meta":{}},{"ancestorTitles":[],"fullName":"renders blockquotes","status":"passed","title":"renders blockquotes","duration":8.739000000000033,"failureMessages":[],"meta":{}},{"ancestorTitles":[],"fullName":"renders horizontal rules","status":"passed","title":"renders horizontal rules","duration":5.663400000000365,"failureMessages":[],"meta":{}},{"ancestorTitles":[],"fullName":"renders paragraphs","status":"passed","title":"renders paragraphs","duration":7.0844999999999345,"failureMessages":[],"meta":{}},{"ancestorTitles":[],"fullName":"renders tables","status":"passed","title":"renders tables","duration":7.783099999999649,"failureMessages":[],"meta":{}},{"ancestorTitles":[],"fullName":"handles empty content","status":"passed","title":"handles empty content","duration":6.6995999999999185,"failureMessages":[],"meta":{}},{"ancestorTitles":[],"fullName":"handles complex mixed content","status":"passed","title":"handles complex mixed content","duration":61.00890000000027,"failureMessages":[],"meta":{}},{"ancestorTitles":[],"fullName":"preserves code block content without modification","status":"passed","title":"preserves code block content without modification","duration":23.811899999999696,"failureMessages":[],"meta":{}},{"ancestorTitles":[],"fullName":"handles code blocks without language specification","status":"passed","title":"handles code blocks without language specification","duration":11.881899999999405,"failureMessages":[],"meta":{}},{"ancestorTitles":[],"fullName":"properly escapes HTML in markdown content","status":"passed","title":"properly escapes HTML in markdown content","duration":9.381400000000212,"failureMessages":[],"meta":{}}],"startTime":1753755896170,"endTime":1753755896806.3813,"status":"passed","message":"","name":"D:/pyprj/uigen/src/components/chat/__tests__/MarkdownRenderer.test.tsx"},{"assertionResults":[{"ancestorTitles":[],"fullName":"renders with placeholder text","status":"passed","title":"renders with placeholder text","duration":87.80740000000014,"failureMessages":[],"meta":{}},{"ancestorTitles":[],"fullName":"displays the input value","status":"passed","title":"displays the input value","duration":18.003499999999804,"failureMessages":[],"meta":{}},{"ancestorTitles":[],"fullName":"calls handleInputChange when typing","status":"passed","title":"calls handleInputChange when typing","duration":296.9009000000001,"failureMessages":[],"meta":{}},{"ancestorTitles":[],"fullName":"calls handleSubmit when form is submitted","status":"passed","title":"calls handleSubmit when form is submitted","duration":58.86929999999984,"failureMessages":[],"meta":{}},{"ancestorTitles":[],"fullName":"submits form when Enter is pressed without shift","status":"passed","title":"submits form when Enter is pressed without shift","duration":27.432900000000245,"failureMessages":[],"meta":{}},{"ancestorTitles":[],"fullName":"does not submit form when Enter is pressed with shift","status":"passed","title":"does not submit form when Enter is pressed with shift","duration":16.029700000000048,"failureMessages":[],"meta":{}},{"ancestorTitles":[],"fullName":"disables textarea when isLoading is true","status":"passed","title":"disables textarea when isLoading is true","duration":29.99519999999984,"failureMessages":[],"meta":{}},{"ancestorTitles":[],"fullName":"disables submit button when isLoading is true","status":"passed","title":"disables submit button when isLoading is true","duration":29.03899999999976,"failureMessages":[],"meta":{}},{"ancestorTitles":[],"fullName":"disables submit button when input is empty","status":"passed","title":"disables submit button when input is empty","duration":18.664299999999912,"failureMessages":[],"meta":{}},{"ancestorTitles":[],"fullName":"disables submit button when input contains only whitespace","status":"passed","title":"disables submit button when input contains only whitespace","duration":17.58560000000034,"failureMessages":[],"meta":{}},{"ancestorTitles":[],"fullName":"enables submit button when input has content and not loading","status":"passed","title":"enables submit button when input has content and not loading","duration":32.47280000000046,"failureMessages":[],"meta":{}},{"ancestorTitles":[],"fullName":"applies correct CSS classes based on loading state","status":"passed","title":"applies correct CSS classes based on loading state","duration":158.03669999999966,"failureMessages":[],"meta":{}},{"ancestorTitles":[],"fullName":"applies pulse animation to send icon when loading","status":"passed","title":"applies pulse animation to send icon when loading","duration":99.76409999999942,"failureMessages":[],"meta":{}},{"ancestorTitles":[],"fullName":"textarea has correct styling classes","status":"passed","title":"textarea has correct styling classes","duration":31.410499999999956,"failureMessages":[],"meta":{}},{"ancestorTitles":[],"fullName":"submit button click triggers form submission","status":"passed","title":"submit button click triggers form submission","duration":54.4391999999998,"failureMessages":[],"meta":{}}],"startTime":1753755896110,"endTime":1753755897088.4392,"status":"passed","message":"","name":"D:/pyprj/uigen/src/components/chat/__tests__/MessageInput.test.tsx"},{"assertionResults":[{"ancestorTitles":[],"fullName":"MessageList shows empty state when no messages","status":"passed","title":"MessageList shows empty state when no messages","duration":83.28020000000015,"failureMessages":[],"meta":{}},{"ancestorTitles":[],"fullName":"MessageList renders user messages","status":"passed","title":"MessageList renders user messages","duration":52.53319999999985,"failureMessages":[],"meta":{}},{"ancestorTitles":[],"fullName":"MessageList renders assistant messages","status":"passed","title":"MessageList renders assistant messages","duration":19.38779999999997,"failureMessages":[],"meta":{}},{"ancestorTitles":[],"fullName":"MessageList renders messages with parts","status":"passed","title":"MessageList renders messages with parts","duration":22.170000000000073,"failureMessages":[],"meta":{}},{"ancestorTitles":[],"fullName":"MessageList shows content for assistant message with content","status":"passed","title":"MessageList shows content for assistant message with content","duration":16.840799999999945,"failureMessages":[],"meta":{}},{"ancestorTitles":[],"fullName":"MessageList shows loading state for last assistant message without content","status":"passed","title":"MessageList shows loading state for last assistant message without content","duration":9.228799999999865,"failureMessages":[],"meta":{}},{"ancestorTitles":[],"fullName":"MessageList doesn't show loading state for non-last messages","status":"passed","title":"MessageList doesn't show loading state for non-last messages","duration":12.71409999999969,"failureMessages":[],"meta":{}},{"ancestorTitles":[],"fullName":"MessageList renders reasoning parts","status":"passed","title":"MessageList renders reasoning parts","duration":7.833999999999833,"failureMessages":[],"meta":{}},{"ancestorTitles":[],"fullName":"MessageList renders multiple messages in correct order","status":"passed","title":"MessageList renders multiple messages in correct order","duration":23.727899999999863,"failureMessages":[],"meta":{}},{"ancestorTitles":[],"fullName":"MessageList handles step-start parts","status":"passed","title":"MessageList handles step-start parts","duration":15.6274999999996,"failureMessages":[],"meta":{}},{"ancestorTitles":[],"fullName":"MessageList applies correct styling for user vs assistant messages","status":"passed","title":"MessageList applies correct styling for user vs assistant messages","duration":11.645599999999831,"failureMessages":[],"meta":{}},{"ancestorTitles":[],"fullName":"MessageList handles empty content with parts","status":"passed","title":"MessageList handles empty content with parts","duration":6.746900000000096,"failureMessages":[],"meta":{}},{"ancestorTitles":[],"fullName":"MessageList shows loading for assistant message with empty parts","status":"passed","title":"MessageList shows loading for assistant message with empty parts","duration":15.784299999999803,"failureMessages":[],"meta":{}}],"startTime":1753755896000,"endTime":1753755896297.7842,"status":"passed","message":"","name":"D:/pyprj/uigen/src/components/chat/__tests__/MessageList.test.tsx"},{"assertionResults":[{"ancestorTitles":["ToolCallIndicator","str_replace_editor tool"],"fullName":"ToolCallIndicator str_replace_editor tool shows create message for create command","status":"passed","title":"shows create message for create command","duration":74.92320000000018,"failureMessages":[],"meta":{}},{"ancestorTitles":["ToolCallIndicator","str_replace_editor tool"],"fullName":"ToolCallIndicator str_replace_editor tool shows edit message for str_replace command","status":"passed","title":"shows edit message for str_replace command","duration":10.220400000000154,"failureMessages":[],"meta":{}},{"ancestorTitles":["ToolCallIndicator","str_replace_editor tool"],"fullName":"ToolCallIndicator str_replace_editor tool shows insert message for insert command","status":"passed","title":"shows insert message for insert command","duration":15.509700000000066,"failureMessages":[],"meta":{}},{"ancestorTitles":["ToolCallIndicator","str_replace_editor tool"],"fullName":"ToolCallIndicator str_replace_editor tool shows read message for view command","status":"passed","title":"shows read message for view command","duration":5.619699999999739,"failureMessages":[],"meta":{}},{"ancestorTitles":["ToolCallIndicator","str_replace_editor tool"],"fullName":"ToolCallIndicator str_replace_editor tool shows generic modify message for unknown command","status":"passed","title":"shows generic modify message for unknown command","duration":20.595299999999952,"failureMessages":[],"meta":{}},{"ancestorTitles":["ToolCallIndicator","str_replace_editor tool"],"fullName":"ToolCallIndicator str_replace_editor tool shows generic message when no args provided","status":"passed","title":"shows generic message when no args provided","duration":27.666299999999865,"failureMessages":[],"meta":{}},{"ancestorTitles":["ToolCallIndicator","file_manager tool"],"fullName":"ToolCallIndicator file_manager tool shows rename message for rename command","status":"passed","title":"shows rename message for rename command","duration":10.793099999999868,"failureMessages":[],"meta":{}},{"ancestorTitles":["ToolCallIndicator","file_manager tool"],"fullName":"ToolCallIndicator file_manager tool shows delete message for delete command","status":"passed","title":"shows delete message for delete command","duration":9.833099999999831,"failureMessages":[],"meta":{}},{"ancestorTitles":["ToolCallIndicator","file_manager tool"],"fullName":"ToolCallIndicator file_manager tool shows generic managing message for unknown command","status":"passed","title":"shows generic managing message for unknown command","duration":10.141599999999926,"failureMessages":[],"meta":{}},{"ancestorTitles":["ToolCallIndicator","file_manager tool"],"fullName":"ToolCallIndicator file_manager tool shows generic message when no args provided","status":"passed","title":"shows generic message when no args provided","duration":44.35109999999986,"failureMessages":[],"meta":{}},{"ancestorTitles":["ToolCallIndicator","unknown tools"],"fullName":"ToolCallIndicator unknown tools formats unknown tool names by replacing underscores","status":"passed","title":"formats unknown tool names by replacing underscores","duration":14.099499999999807,"failureMessages":[],"meta":{}},{"ancestorTitles":["ToolCallIndicator","loading states"],"fullName":"ToolCallIndicator loading states shows loading spinner when tool is not completed","status":"passed","title":"shows loading spinner when tool is not completed","duration":10.415300000000116,"failureMessages":[],"meta":{}},{"ancestorTitles":["ToolCallIndicator","loading states"],"fullName":"ToolCallIndicator loading states shows success indicator when tool is completed","status":"passed","title":"shows success indicator when tool is completed","duration":19.47440000000006,"failureMessages":[],"meta":{}},{"ancestorTitles":["ToolCallIndicator","file path handling"],"fullName":"ToolCallIndicator file path handling extracts filename from nested path","status":"passed","title":"extracts filename from nested path","duration":7.7534999999998035,"failureMessages":[],"meta":{}},{"ancestorTitles":["ToolCallIndicator","file path handling"],"fullName":"ToolCallIndicator file path handling handles root level files","status":"passed","title":"handles root level files","duration":8.226500000000215,"failureMessages":[],"meta":{}},{"ancestorTitles":["ToolCallIndicator","file path handling"],"fullName":"ToolCallIndicator file path handling handles paths with just slashes","status":"passed","title":"handles paths with just slashes","duration":8.827400000000125,"failureMessages":[],"meta":{}}],"startTime":1753755895988,"endTime":1753755896289.8274,"status":"passed","message":"","name":"D:/pyprj/uigen/src/components/chat/__tests__/ToolCallIndicator.test.tsx"},{"assertionResults":[{"ancestorTitles":["ChatContext"],"fullName":"ChatContext renders with default values","status":"passed","title":"renders with default values","duration":74.17610000000013,"failureMessages":[],"meta":{}},{"ancestorTitles":["ChatContext"],"fullName":"ChatContext initializes with project ID and messages","status":"passed","title":"initializes with project ID and messages","duration":15.763500000000022,"failureMessages":[],"meta":{}},{"ancestorTitles":["ChatContext"],"fullName":"ChatContext tracks anonymous work when no project ID","status":"passed","title":"tracks anonymous work when no project ID","duration":13.274899999999889,"failureMessages":[],"meta":{}},{"ancestorTitles":["ChatContext"],"fullName":"ChatContext does not track anonymous work when project ID exists","status":"passed","title":"does not track anonymous work when project ID exists","duration":108.60949999999957,"failureMessages":[],"meta":{}},{"ancestorTitles":["ChatContext"],"fullName":"ChatContext passes through AI chat functionality","status":"passed","title":"passes through AI chat functionality","duration":10.037699999999859,"failureMessages":[],"meta":{}},{"ancestorTitles":["ChatContext"],"fullName":"ChatContext handles tool calls","status":"passed","title":"handles tool calls","duration":4.67870000000039,"failureMessages":[],"meta":{}}],"startTime":1753755895805,"endTime":1753755896032.6787,"status":"passed","message":"","name":"D:/pyprj/uigen/src/lib/contexts/__tests__/chat-context.test.tsx"},{"assertionResults":[{"ancestorTitles":[],"fullName":"provides file system methods","status":"passed","title":"provides file system methods","duration":34.47739999999976,"failureMessages":[],"meta":{}},{"ancestorTitles":[],"fullName":"createFile calls fileSystem method and triggers refresh","status":"failed","title":"createFile calls fileSystem method and triggers refresh","duration":21.5317,"failureMessages":["AssertionError: expected \"spy\" to be called with arguments: [ '/test.js', 'content' ]\u001b[90m\n\nNumber of calls: \u001b[1m0\u001b[22m\n\u001b[39m\n    at Proxy.<anonymous> (file:///D:/pyprj/uigen/node_modules/@vitest/expect/dist/index.js:1355:10)\n    at Proxy.<anonymous> (file:///D:/pyprj/uigen/node_modules/@vitest/expect/dist/index.js:1029:14)\n    at Proxy.methodWrapper (file:///D:/pyprj/uigen/node_modules/chai/chai.js:1618:25)\n    at D:\\pyprj\\uigen\\src\\lib\\contexts\\__tests__\\file-system-context.test.tsx:67:48\n    at file:///D:/pyprj/uigen/node_modules/@vitest/runner/dist/chunk-hooks.js:155:11\n    at file:///D:/pyprj/uigen/node_modules/@vitest/runner/dist/chunk-hooks.js:752:26\n    at file:///D:/pyprj/uigen/node_modules/@vitest/runner/dist/chunk-hooks.js:1897:20\n    at new Promise (<anonymous>)\n    at runWithTimeout (file:///D:/pyprj/uigen/node_modules/@vitest/runner/dist/chunk-hooks.js:1863:10)\n    at runTest (file:///D:/pyprj/uigen/node_modules/@vitest/runner/dist/chunk-hooks.js:1574:12)"],"meta":{}},{"ancestorTitles":[],"fullName":"updateFile calls fileSystem method and triggers refresh","status":"passed","title":"updateFile calls fileSystem method and triggers refresh","duration":7.17029999999977,"failureMessages":[],"meta":{}},{"ancestorTitles":[],"fullName":"deleteFile calls fileSystem method and triggers refresh","status":"passed","title":"deleteFile calls fileSystem method and triggers refresh","duration":4.208399999999983,"failureMessages":[],"meta":{}},{"ancestorTitles":[],"fullName":"deleteFile clears selectedFile if it matches deleted file","status":"passed","title":"deleteFile clears selectedFile if it matches deleted file","duration":8.744400000000041,"failureMessages":[],"meta":{}},{"ancestorTitles":[],"fullName":"renameFile updates selectedFile when renaming selected file","status":"passed","title":"renameFile updates selectedFile when renaming selected file","duration":4.1435999999998785,"failureMessages":[],"meta":{}},{"ancestorTitles":[],"fullName":"renameFile updates selectedFile when file is inside renamed directory","status":"passed","title":"renameFile updates selectedFile when file is inside renamed directory","duration":2.9101999999998043,"failureMessages":[],"meta":{}},{"ancestorTitles":[],"fullName":"renameFile returns false when operation fails","status":"passed","title":"renameFile returns false when operation fails","duration":11.337800000000243,"failureMessages":[],"meta":{}},{"ancestorTitles":[],"fullName":"getFileContent calls fileSystem readFile","status":"passed","title":"getFileContent calls fileSystem readFile","duration":8.537399999999707,"failureMessages":[],"meta":{}},{"ancestorTitles":[],"fullName":"getAllFiles calls fileSystem getAllFiles","status":"passed","title":"getAllFiles calls fileSystem getAllFiles","duration":5.174399999999878,"failureMessages":[],"meta":{}},{"ancestorTitles":[],"fullName":"selects App.jsx by default if it exists","status":"passed","title":"selects App.jsx by default if it exists","duration":2.202299999999923,"failureMessages":[],"meta":{}},{"ancestorTitles":[],"fullName":"selects first root file when App.jsx doesn't exist","status":"passed","title":"selects first root file when App.jsx doesn't exist","duration":5.520500000000084,"failureMessages":[],"meta":{}},{"ancestorTitles":[],"fullName":"throws error when used outside provider","status":"passed","title":"throws error when used outside provider","duration":13.089500000000044,"failureMessages":[],"meta":{}},{"ancestorTitles":[],"fullName":"uses provided file system when passed","status":"passed","title":"uses provided file system when passed","duration":3.5712000000003172,"failureMessages":[],"meta":{}},{"ancestorTitles":[],"fullName":"handles str_replace_editor create command","status":"passed","title":"handles str_replace_editor create command","duration":2.833600000000388,"failureMessages":[],"meta":{}},{"ancestorTitles":[],"fullName":"handles str_replace_editor create command with error","status":"passed","title":"handles str_replace_editor create command with error","duration":1.999199999999746,"failureMessages":[],"meta":{}},{"ancestorTitles":[],"fullName":"handles str_replace_editor str_replace command","status":"passed","title":"handles str_replace_editor str_replace command","duration":4.418799999999919,"failureMessages":[],"meta":{}},{"ancestorTitles":[],"fullName":"handles str_replace_editor str_replace command with error","status":"passed","title":"handles str_replace_editor str_replace command with error","duration":2.279899999999998,"failureMessages":[],"meta":{}},{"ancestorTitles":[],"fullName":"handles str_replace_editor insert command","status":"passed","title":"handles str_replace_editor insert command","duration":2.766599999999926,"failureMessages":[],"meta":{}},{"ancestorTitles":[],"fullName":"handles str_replace_editor insert command with error","status":"passed","title":"handles str_replace_editor insert command with error","duration":2.107300000000123,"failureMessages":[],"meta":{}},{"ancestorTitles":[],"fullName":"handles file_manager rename command","status":"passed","title":"handles file_manager rename command","duration":2.440599999999904,"failureMessages":[],"meta":{}},{"ancestorTitles":[],"fullName":"handles file_manager delete command","status":"passed","title":"handles file_manager delete command","duration":2.6898999999998523,"failureMessages":[],"meta":{}},{"ancestorTitles":[],"fullName":"handles unknown tool name gracefully","status":"passed","title":"handles unknown tool name gracefully","duration":2.3233000000000175,"failureMessages":[],"meta":{}},{"ancestorTitles":[],"fullName":"handles unknown command gracefully","status":"passed","title":"handles unknown command gracefully","duration":6.496899999999641,"failureMessages":[],"meta":{}},{"ancestorTitles":[],"fullName":"handles null file content when updating file","status":"passed","title":"handles null file content when updating file","duration":2.3738000000003012,"failureMessages":[],"meta":{}}],"startTime":1753755895808,"endTime":1753755895974.3738,"status":"failed","message":"","name":"D:/pyprj/uigen/src/lib/contexts/__tests__/file-system-context.test.tsx"},{"assertionResults":[{"ancestorTitles":[],"fullName":"transformJSX transforms TypeScript files with correct presets","status":"passed","title":"transformJSX transforms TypeScript files with correct presets","duration":4.0603000000000975,"failureMessages":[],"meta":{}},{"ancestorTitles":[],"fullName":"transformJSX handles JavaScript files without TypeScript preset","status":"passed","title":"transformJSX handles JavaScript files without TypeScript preset","duration":0.6820999999999913,"failureMessages":[],"meta":{}},{"ancestorTitles":[],"fullName":"transformJSX collects imports from code","status":"passed","title":"transformJSX collects imports from code","duration":1.8751999999999498,"failureMessages":[],"meta":{}},{"ancestorTitles":[],"fullName":"transformJSX handles transform errors gracefully","status":"passed","title":"transformJSX handles transform errors gracefully","duration":0.7841000000003078,"failureMessages":[],"meta":{}},{"ancestorTitles":[],"fullName":"createBlobURL creates blob with correct mime type","status":"passed","title":"createBlobURL creates blob with correct mime type","duration":7.154400000000351,"failureMessages":[],"meta":{}},{"ancestorTitles":[],"fullName":"createBlobURL accepts custom mime type","status":"passed","title":"createBlobURL accepts custom mime type","duration":1.0184000000003834,"failureMessages":[],"meta":{}},{"ancestorTitles":[],"fullName":"createImportMap includes React CDN imports","status":"passed","title":"createImportMap includes React CDN imports","duration":1.521099999999933,"failureMessages":[],"meta":{}},{"ancestorTitles":[],"fullName":"createImportMap transforms JavaScript and TypeScript files","status":"passed","title":"createImportMap transforms JavaScript and TypeScript files","duration":1.2775000000001455,"failureMessages":[],"meta":{}},{"ancestorTitles":[],"fullName":"createImportMap creates multiple path variations for files","status":"passed","title":"createImportMap creates multiple path variations for files","duration":0.9540999999999258,"failureMessages":[],"meta":{}},{"ancestorTitles":[],"fullName":"createImportMap creates placeholder modules for missing imports","status":"passed","title":"createImportMap creates placeholder modules for missing imports","duration":1.080199999999877,"failureMessages":[],"meta":{}},{"ancestorTitles":[],"fullName":"createImportMap handles @/ alias imports","status":"passed","title":"createImportMap handles @/ alias imports","duration":1.057800000000043,"failureMessages":[],"meta":{}},{"ancestorTitles":[],"fullName":"createPreviewHTML generates valid HTML with import map","status":"passed","title":"createPreviewHTML generates valid HTML with import map","duration":0.7961999999997715,"failureMessages":[],"meta":{}},{"ancestorTitles":[],"fullName":"createPreviewHTML includes Tailwind CSS","status":"passed","title":"createPreviewHTML includes Tailwind CSS","duration":0.2112000000001899,"failureMessages":[],"meta":{}},{"ancestorTitles":[],"fullName":"createPreviewHTML includes error boundary","status":"passed","title":"createPreviewHTML includes error boundary","duration":0.2238999999999578,"failureMessages":[],"meta":{}},{"ancestorTitles":[],"fullName":"createPreviewHTML handles invalid import map gracefully","status":"passed","title":"createPreviewHTML handles invalid import map gracefully","duration":0.7662999999997737,"failureMessages":[],"meta":{}},{"ancestorTitles":[],"fullName":"integration: full transformation pipeline works","status":"passed","title":"integration: full transformation pipeline works","duration":2.6401999999998225,"failureMessages":[],"meta":{}},{"ancestorTitles":[],"fullName":"transformJSX detects CSS imports","status":"passed","title":"transformJSX detects CSS imports","duration":0.5421999999998661,"failureMessages":[],"meta":{}},{"ancestorTitles":[],"fullName":"transformJSX removes CSS imports from transformed code","status":"passed","title":"transformJSX removes CSS imports from transformed code","duration":0.43679999999994834,"failureMessages":[],"meta":{}},{"ancestorTitles":[],"fullName":"transformJSX handles CSS imports with different quotes","status":"passed","title":"transformJSX handles CSS imports with different quotes","duration":0.5556000000001404,"failureMessages":[],"meta":{}},{"ancestorTitles":[],"fullName":"createImportMap collects CSS files and returns styles","status":"passed","title":"createImportMap collects CSS files and returns styles","duration":0.7352000000000771,"failureMessages":[],"meta":{}},{"ancestorTitles":[],"fullName":"createImportMap handles missing CSS files gracefully","status":"passed","title":"createImportMap handles missing CSS files gracefully","duration":0.43149999999968713,"failureMessages":[],"meta":{}},{"ancestorTitles":[],"fullName":"createImportMap resolves CSS import paths correctly","status":"passed","title":"createImportMap resolves CSS import paths correctly","duration":0.4580999999998312,"failureMessages":[],"meta":{}},{"ancestorTitles":[],"fullName":"createPreviewHTML injects CSS styles into head","status":"passed","title":"createPreviewHTML injects CSS styles into head","duration":0.2494000000001506,"failureMessages":[],"meta":{}},{"ancestorTitles":[],"fullName":"createPreviewHTML handles empty CSS gracefully","status":"passed","title":"createPreviewHTML handles empty CSS gracefully","duration":0.18840000000000146,"failureMessages":[],"meta":{}},{"ancestorTitles":[],"fullName":"createPreviewHTML preserves existing styles with CSS injection","status":"passed","title":"createPreviewHTML preserves existing styles with CSS injection","duration":0.2928999999999178,"failureMessages":[],"meta":{}},{"ancestorTitles":[],"fullName":"integration: full pipeline handles components with CSS imports","status":"passed","title":"integration: full pipeline handles components with CSS imports","duration":0.6019999999998618,"failureMessages":[],"meta":{}},{"ancestorTitles":[],"fullName":"createImportMap handles syntax errors gracefully","status":"passed","title":"createImportMap handles syntax errors gracefully","duration":1.5138999999999214,"failureMessages":[],"meta":{}},{"ancestorTitles":[],"fullName":"createPreviewHTML displays syntax errors","status":"passed","title":"createPreviewHTML displays syntax errors","duration":1.0095000000001164,"failureMessages":[],"meta":{}},{"ancestorTitles":[],"fullName":"files with syntax errors are not included in import map","status":"passed","title":"files with syntax errors are not included in import map","duration":1.0385000000001128,"failureMessages":[],"meta":{}}],"startTime":1753755898682,"endTime":1753755898717.0386,"status":"passed","message":"","name":"D:/pyprj/uigen/src/lib/transform/__tests__/jsx-transformer.test.ts"}],"coverageMap":{"D:\\pyprj\\uigen\\src\\components\\chat\\ChatInterface.tsx":{"path":"D:\\pyprj\\uigen\\src\\components\\chat\\ChatInterface.tsx","all":false,"statementMap":{"2":{"start":{"line":3,"column":0},"end":{"line":3,"column":42}},"3":{"start":{"line":4,"column":0},"end":{"line":4,"column":44}},"4":{"start":{"line":5,"column":0},"end":{"line":5,"column":46}},"5":{"start":{"line":6,"column":0},"end":{"line":6,"column":57}},"6":{"start":{"line":7,"column":0},"end":{"line":7,"column":54}},"8":{"start":{"line":9,"column":0},"end":{"line":9,"column":33}},"9":{"start":{"line":10,"column":0},"end":{"line":10,"column":53}},"10":{"start":{"line":11,"column":0},"end":{"line":11,"column":81}},"13":{"start":{"line":14,"column":0},"end":{"line":14,"column":19}},"14":{"start":{"line":15,"column":0},"end":{"line":15,"column":32}},"15":{"start":{"line":16,"column":0},"end":{"line":16,"column":66}},"16":{"start":{"line":17,"column":0},"end":{"line":17,"column":43}},"17":{"start":{"line":18,"column":0},"end":{"line":18,"column":8}},"18":{"start":{"line":19,"column":0},"end":{"line":19,"column":28}},"19":{"start":{"line":20,"column":0},"end":{"line":20,"column":65}},"20":{"start":{"line":21,"column":0},"end":{"line":21,"column":7}},"21":{"start":{"line":22,"column":0},"end":{"line":22,"column":5}},"22":{"start":{"line":23,"column":0},"end":{"line":23,"column":17}},"24":{"start":{"line":25,"column":0},"end":{"line":25,"column":10}},"25":{"start":{"line":26,"column":0},"end":{"line":26,"column":62}},"26":{"start":{"line":27,"column":0},"end":{"line":27,"column":73}},"27":{"start":{"line":28,"column":0},"end":{"line":28,"column":30}},"28":{"start":{"line":29,"column":0},"end":{"line":29,"column":80}},"29":{"start":{"line":30,"column":0},"end":{"line":30,"column":14}},"30":{"start":{"line":31,"column":0},"end":{"line":31,"column":19}},"31":{"start":{"line":32,"column":0},"end":{"line":32,"column":42}},"32":{"start":{"line":33,"column":0},"end":{"line":33,"column":21}},"33":{"start":{"line":34,"column":0},"end":{"line":34,"column":23}},"34":{"start":{"line":35,"column":0},"end":{"line":35,"column":47}},"35":{"start":{"line":36,"column":0},"end":{"line":36,"column":37}},"36":{"start":{"line":37,"column":0},"end":{"line":37,"column":70}},"37":{"start":{"line":38,"column":0},"end":{"line":38,"column":10}},"38":{"start":{"line":39,"column":0},"end":{"line":39,"column":12}},"39":{"start":{"line":40,"column":0},"end":{"line":40,"column":10}},"41":{"start":{"line":42,"column":0},"end":{"line":42,"column":1}}},"s":{"2":1,"3":1,"4":1,"5":1,"6":1,"8":1,"9":9,"10":9,"13":9,"14":9,"15":0,"16":0,"17":0,"18":0,"19":0,"20":0,"21":0,"22":9,"24":9,"25":9,"26":9,"27":9,"28":9,"29":9,"30":9,"31":9,"32":9,"33":9,"34":9,"35":9,"36":9,"37":9,"38":9,"39":9,"41":9},"branchMap":{"0":{"type":"branch","line":9,"loc":{"start":{"line":9,"column":7},"end":{"line":42,"column":1}},"locations":[{"start":{"line":9,"column":7},"end":{"line":42,"column":1}}]},"1":{"type":"branch","line":37,"loc":{"start":{"line":37,"column":32},"end":{"line":37,"column":70}},"locations":[{"start":{"line":37,"column":32},"end":{"line":37,"column":70}}]},"2":{"type":"branch","line":14,"loc":{"start":{"line":14,"column":12},"end":{"line":23,"column":5}},"locations":[{"start":{"line":14,"column":12},"end":{"line":23,"column":5}}]},"3":{"type":"branch","line":15,"loc":{"start":{"line":15,"column":31},"end":{"line":22,"column":5}},"locations":[{"start":{"line":15,"column":31},"end":{"line":22,"column":5}}]}},"b":{"0":[9],"1":[7],"2":[9],"3":[0]},"fnMap":{"0":{"name":"ChatInterface","decl":{"start":{"line":9,"column":7},"end":{"line":42,"column":1}},"loc":{"start":{"line":9,"column":7},"end":{"line":42,"column":1}},"line":9}},"f":{"0":9}},"D:\\pyprj\\uigen\\src\\components\\chat\\MarkdownRenderer.tsx":{"path":"D:\\pyprj\\uigen\\src\\components\\chat\\MarkdownRenderer.tsx","all":false,"statementMap":{"2":{"start":{"line":3,"column":0},"end":{"line":3,"column":43}},"3":{"start":{"line":4,"column":0},"end":{"line":4,"column":33}},"10":{"start":{"line":11,"column":0},"end":{"line":11,"column":34}},"11":{"start":{"line":12,"column":0},"end":{"line":12,"column":10}},"12":{"start":{"line":13,"column":0},"end":{"line":13,"column":12}},"13":{"start":{"line":14,"column":0},"end":{"line":14,"column":27}},"14":{"start":{"line":15,"column":0},"end":{"line":15,"column":10}},"15":{"start":{"line":16,"column":0},"end":{"line":16,"column":69}},"16":{"start":{"line":17,"column":0},"end":{"line":17,"column":20}},"17":{"start":{"line":18,"column":0},"end":{"line":18,"column":21}},"18":{"start":{"line":19,"column":0},"end":{"line":19,"column":56}},"19":{"start":{"line":20,"column":0},"end":{"line":20,"column":65}},"20":{"start":{"line":21,"column":0},"end":{"line":21,"column":36}},"22":{"start":{"line":23,"column":0},"end":{"line":23,"column":27}},"23":{"start":{"line":24,"column":0},"end":{"line":24,"column":22}},"24":{"start":{"line":25,"column":0},"end":{"line":25,"column":21}},"25":{"start":{"line":26,"column":0},"end":{"line":26,"column":112}},"26":{"start":{"line":27,"column":0},"end":{"line":27,"column":28}},"28":{"start":{"line":29,"column":0},"end":{"line":29,"column":28}},"29":{"start":{"line":30,"column":0},"end":{"line":30,"column":23}},"31":{"start":{"line":32,"column":0},"end":{"line":32,"column":13}},"32":{"start":{"line":33,"column":0},"end":{"line":33,"column":20}},"33":{"start":{"line":34,"column":0},"end":{"line":34,"column":61}},"34":{"start":{"line":35,"column":0},"end":{"line":35,"column":26}},"35":{"start":{"line":36,"column":0},"end":{"line":36,"column":21}},"37":{"start":{"line":38,"column":0},"end":{"line":38,"column":12}},"38":{"start":{"line":39,"column":0},"end":{"line":39,"column":10}},"40":{"start":{"line":41,"column":0},"end":{"line":41,"column":17}},"41":{"start":{"line":42,"column":0},"end":{"line":42,"column":22}},"42":{"start":{"line":43,"column":0},"end":{"line":43,"column":10}},"44":{"start":{"line":45,"column":0},"end":{"line":45,"column":1}}},"s":{"2":1,"3":1,"10":1,"11":21,"12":21,"13":21,"14":21,"15":21,"16":21,"17":21,"18":21,"19":7,"20":7,"22":7,"23":3,"24":3,"25":3,"26":3,"28":3,"29":3,"31":3,"32":4,"33":4,"34":4,"35":4,"37":7,"38":21,"40":21,"41":21,"42":21,"44":21},"branchMap":{"0":{"type":"branch","line":11,"loc":{"start":{"line":11,"column":7},"end":{"line":45,"column":1}},"locations":[{"start":{"line":11,"column":7},"end":{"line":45,"column":1}}]},"1":{"type":"branch","line":19,"loc":{"start":{"line":19,"column":16},"end":{"line":38,"column":12}},"locations":[{"start":{"line":19,"column":16},"end":{"line":38,"column":12}}]},"2":{"type":"branch","line":20,"loc":{"start":{"line":20,"column":48},"end":{"line":20,"column":63}},"locations":[{"start":{"line":20,"column":48},"end":{"line":20,"column":63}}]},"3":{"type":"branch","line":23,"loc":{"start":{"line":23,"column":26},"end":{"line":32,"column":13}},"locations":[{"start":{"line":23,"column":26},"end":{"line":32,"column":13}}]},"4":{"type":"branch","line":32,"loc":{"start":{"line":32,"column":12},"end":{"line":36,"column":21}},"locations":[{"start":{"line":32,"column":12},"end":{"line":36,"column":21}}]}},"b":{"0":[21],"1":[7],"2":[3],"3":[3],"4":[4]},"fnMap":{"0":{"name":"MarkdownRenderer","decl":{"start":{"line":11,"column":7},"end":{"line":45,"column":1}},"loc":{"start":{"line":11,"column":7},"end":{"line":45,"column":1}},"line":11},"1":{"name":"code","decl":{"start":{"line":19,"column":16},"end":{"line":38,"column":12}},"loc":{"start":{"line":19,"column":16},"end":{"line":38,"column":12}},"line":19}},"f":{"0":21,"1":7}},"D:\\pyprj\\uigen\\src\\components\\chat\\MessageInput.tsx":{"path":"D:\\pyprj\\uigen\\src\\components\\chat\\MessageInput.tsx","all":false,"statementMap":{"3":{"start":{"line":4,"column":0},"end":{"line":4,"column":36}},"12":{"start":{"line":13,"column":0},"end":{"line":13,"column":30}},"13":{"start":{"line":14,"column":0},"end":{"line":14,"column":8}},"14":{"start":{"line":15,"column":0},"end":{"line":15,"column":20}},"15":{"start":{"line":16,"column":0},"end":{"line":16,"column":15}},"16":{"start":{"line":17,"column":0},"end":{"line":17,"column":12}},"17":{"start":{"line":18,"column":0},"end":{"line":18,"column":23}},"18":{"start":{"line":19,"column":0},"end":{"line":19,"column":68}},"19":{"start":{"line":20,"column":0},"end":{"line":20,"column":43}},"20":{"start":{"line":21,"column":0},"end":{"line":21,"column":25}},"21":{"start":{"line":22,"column":0},"end":{"line":22,"column":40}},"22":{"start":{"line":23,"column":0},"end":{"line":23,"column":17}},"23":{"start":{"line":24,"column":0},"end":{"line":24,"column":29}},"24":{"start":{"line":25,"column":0},"end":{"line":25,"column":7}},"25":{"start":{"line":26,"column":0},"end":{"line":26,"column":5}},"26":{"start":{"line":27,"column":0},"end":{"line":27,"column":4}},"28":{"start":{"line":29,"column":0},"end":{"line":29,"column":10}},"29":{"start":{"line":30,"column":0},"end":{"line":30,"column":99}},"30":{"start":{"line":31,"column":0},"end":{"line":31,"column":50}},"31":{"start":{"line":32,"column":0},"end":{"line":32,"column":17}},"32":{"start":{"line":33,"column":0},"end":{"line":33,"column":23}},"33":{"start":{"line":34,"column":0},"end":{"line":34,"column":38}},"34":{"start":{"line":35,"column":0},"end":{"line":35,"column":35}},"35":{"start":{"line":36,"column":0},"end":{"line":36,"column":74}},"36":{"start":{"line":37,"column":0},"end":{"line":37,"column":30}},"37":{"start":{"line":38,"column":0},"end":{"line":38,"column":329}},"38":{"start":{"line":39,"column":0},"end":{"line":39,"column":18}},"39":{"start":{"line":40,"column":0},"end":{"line":40,"column":10}},"40":{"start":{"line":41,"column":0},"end":{"line":41,"column":16}},"41":{"start":{"line":42,"column":0},"end":{"line":42,"column":24}},"42":{"start":{"line":43,"column":0},"end":{"line":43,"column":47}},"43":{"start":{"line":44,"column":0},"end":{"line":44,"column":180}},"45":{"start":{"line":46,"column":0},"end":{"line":46,"column":187}},"46":{"start":{"line":47,"column":0},"end":{"line":47,"column":17}},"47":{"start":{"line":48,"column":0},"end":{"line":48,"column":12}},"48":{"start":{"line":49,"column":0},"end":{"line":49,"column":11}},"50":{"start":{"line":51,"column":0},"end":{"line":51,"column":1}}},"s":{"3":1,"12":1,"13":17,"14":17,"15":17,"16":17,"17":17,"18":17,"19":7,"20":1,"21":1,"22":1,"23":1,"24":1,"25":1,"26":7,"28":17,"29":17,"30":17,"31":17,"32":17,"33":17,"34":17,"35":17,"36":17,"37":17,"38":17,"39":17,"40":17,"41":17,"42":17,"43":17,"45":17,"46":17,"47":17,"48":17,"50":17},"branchMap":{"0":{"type":"branch","line":13,"loc":{"start":{"line":13,"column":7},"end":{"line":51,"column":1}},"locations":[{"start":{"line":13,"column":7},"end":{"line":51,"column":1}}]},"1":{"type":"branch","line":43,"loc":{"start":{"line":43,"column":20},"end":{"line":43,"column":47}},"locations":[{"start":{"line":43,"column":20},"end":{"line":43,"column":47}}]},"2":{"type":"branch","line":46,"loc":{"start":{"line":46,"column":116},"end":{"line":46,"column":145}},"locations":[{"start":{"line":46,"column":116},"end":{"line":46,"column":145}}]},"3":{"type":"branch","line":46,"loc":{"start":{"line":46,"column":141},"end":{"line":46,"column":166}},"locations":[{"start":{"line":46,"column":141},"end":{"line":46,"column":166}}]},"4":{"type":"branch","line":46,"loc":{"start":{"line":46,"column":145},"end":{"line":46,"column":181}},"locations":[{"start":{"line":46,"column":145},"end":{"line":46,"column":181}}]},"5":{"type":"branch","line":19,"loc":{"start":{"line":19,"column":24},"end":{"line":27,"column":4}},"locations":[{"start":{"line":19,"column":24},"end":{"line":27,"column":4}}]},"6":{"type":"branch","line":20,"loc":{"start":{"line":20,"column":18},"end":{"line":20,"column":42}},"locations":[{"start":{"line":20,"column":18},"end":{"line":20,"column":42}}]},"7":{"type":"branch","line":20,"loc":{"start":{"line":20,"column":42},"end":{"line":26,"column":5}},"locations":[{"start":{"line":20,"column":42},"end":{"line":26,"column":5}}]}},"b":{"0":[17],"1":[13],"2":[13],"3":[9],"4":[8],"5":[7],"6":[2],"7":[1]},"fnMap":{"0":{"name":"MessageInput","decl":{"start":{"line":13,"column":7},"end":{"line":51,"column":1}},"loc":{"start":{"line":13,"column":7},"end":{"line":51,"column":1}},"line":13},"1":{"name":"handleKeyDown","decl":{"start":{"line":19,"column":24},"end":{"line":27,"column":4}},"loc":{"start":{"line":19,"column":24},"end":{"line":27,"column":4}},"line":19}},"f":{"0":17,"1":7}},"D:\\pyprj\\uigen\\src\\components\\chat\\MessageList.tsx":{"path":"D:\\pyprj\\uigen\\src\\components\\chat\\MessageList.tsx","all":false,"statementMap":{"3":{"start":{"line":4,"column":0},"end":{"line":4,"column":33}},"4":{"start":{"line":5,"column":0},"end":{"line":5,"column":50}},"5":{"start":{"line":6,"column":0},"end":{"line":6,"column":54}},"6":{"start":{"line":7,"column":0},"end":{"line":7,"column":56}},"13":{"start":{"line":14,"column":0},"end":{"line":14,"column":72}},"14":{"start":{"line":15,"column":0},"end":{"line":15,"column":30}},"15":{"start":{"line":16,"column":0},"end":{"line":16,"column":12}},"16":{"start":{"line":17,"column":0},"end":{"line":17,"column":89}},"17":{"start":{"line":18,"column":0},"end":{"line":18,"column":106}},"18":{"start":{"line":19,"column":0},"end":{"line":19,"column":51}},"19":{"start":{"line":20,"column":0},"end":{"line":20,"column":14}},"20":{"start":{"line":21,"column":0},"end":{"line":21,"column":120}},"21":{"start":{"line":22,"column":0},"end":{"line":22,"column":114}},"22":{"start":{"line":23,"column":0},"end":{"line":23,"column":12}},"24":{"start":{"line":25,"column":0},"end":{"line":25,"column":3}},"26":{"start":{"line":27,"column":0},"end":{"line":27,"column":10}},"27":{"start":{"line":28,"column":0},"end":{"line":28,"column":68}},"28":{"start":{"line":29,"column":0},"end":{"line":29,"column":58}},"29":{"start":{"line":30,"column":0},"end":{"line":30,"column":36}},"30":{"start":{"line":31,"column":0},"end":{"line":31,"column":14}},"31":{"start":{"line":32,"column":0},"end":{"line":32,"column":47}},"32":{"start":{"line":33,"column":0},"end":{"line":33,"column":26}},"33":{"start":{"line":34,"column":0},"end":{"line":34,"column":27}},"34":{"start":{"line":35,"column":0},"end":{"line":35,"column":71}},"35":{"start":{"line":36,"column":0},"end":{"line":36,"column":14}},"37":{"start":{"line":38,"column":0},"end":{"line":38,"column":46}},"38":{"start":{"line":39,"column":0},"end":{"line":39,"column":45}},"39":{"start":{"line":40,"column":0},"end":{"line":40,"column":130}},"40":{"start":{"line":41,"column":0},"end":{"line":41,"column":66}},"41":{"start":{"line":42,"column":0},"end":{"line":42,"column":22}},"42":{"start":{"line":43,"column":0},"end":{"line":43,"column":20}},"45":{"start":{"line":46,"column":0},"end":{"line":46,"column":31}},"46":{"start":{"line":47,"column":0},"end":{"line":47,"column":48}},"47":{"start":{"line":48,"column":0},"end":{"line":48,"column":67}},"48":{"start":{"line":49,"column":0},"end":{"line":49,"column":15}},"49":{"start":{"line":50,"column":0},"end":{"line":50,"column":33}},"50":{"start":{"line":51,"column":0},"end":{"line":51,"column":39}},"51":{"start":{"line":52,"column":0},"end":{"line":52,"column":40}},"52":{"start":{"line":53,"column":0},"end":{"line":53,"column":55}},"53":{"start":{"line":54,"column":0},"end":{"line":54,"column":83}},"54":{"start":{"line":55,"column":0},"end":{"line":55,"column":17}},"55":{"start":{"line":56,"column":0},"end":{"line":56,"column":41}},"56":{"start":{"line":57,"column":0},"end":{"line":57,"column":36}},"57":{"start":{"line":58,"column":0},"end":{"line":58,"column":22}},"58":{"start":{"line":59,"column":0},"end":{"line":59,"column":63}},"59":{"start":{"line":60,"column":0},"end":{"line":60,"column":44}},"60":{"start":{"line":61,"column":0},"end":{"line":61,"column":38}},"61":{"start":{"line":62,"column":0},"end":{"line":62,"column":62}},"62":{"start":{"line":63,"column":0},"end":{"line":63,"column":102}},"64":{"start":{"line":65,"column":0},"end":{"line":65,"column":47}},"65":{"start":{"line":66,"column":0},"end":{"line":66,"column":47}},"66":{"start":{"line":67,"column":0},"end":{"line":67,"column":51}},"67":{"start":{"line":68,"column":0},"end":{"line":68,"column":52}},"68":{"start":{"line":69,"column":0},"end":{"line":69,"column":32}},"70":{"start":{"line":71,"column":0},"end":{"line":71,"column":43}},"71":{"start":{"line":72,"column":0},"end":{"line":72,"column":36}},"72":{"start":{"line":73,"column":0},"end":{"line":73,"column":121}},"73":{"start":{"line":74,"column":0},"end":{"line":74,"column":114}},"74":{"start":{"line":75,"column":0},"end":{"line":75,"column":98}},"75":{"start":{"line":76,"column":0},"end":{"line":76,"column":36}},"77":{"start":{"line":78,"column":0},"end":{"line":78,"column":49}},"78":{"start":{"line":79,"column":0},"end":{"line":79,"column":61}},"79":{"start":{"line":80,"column":0},"end":{"line":80,"column":36}},"80":{"start":{"line":81,"column":0},"end":{"line":81,"column":49}},"81":{"start":{"line":82,"column":0},"end":{"line":82,"column":47}},"82":{"start":{"line":83,"column":0},"end":{"line":83,"column":53}},"83":{"start":{"line":84,"column":0},"end":{"line":84,"column":32}},"85":{"start":{"line":86,"column":0},"end":{"line":86,"column":40}},"86":{"start":{"line":87,"column":0},"end":{"line":87,"column":36}},"87":{"start":{"line":88,"column":0},"end":{"line":88,"column":93}},"88":{"start":{"line":89,"column":0},"end":{"line":89,"column":69}},"89":{"start":{"line":90,"column":0},"end":{"line":90,"column":36}},"91":{"start":{"line":92,"column":0},"end":{"line":92,"column":44}},"92":{"start":{"line":93,"column":0},"end":{"line":93,"column":117}},"93":{"start":{"line":94,"column":0},"end":{"line":94,"column":34}},"94":{"start":{"line":95,"column":0},"end":{"line":95,"column":40}},"95":{"start":{"line":96,"column":0},"end":{"line":96,"column":25}},"96":{"start":{"line":97,"column":0},"end":{"line":97,"column":25}},"97":{"start":{"line":98,"column":0},"end":{"line":98,"column":35}},"98":{"start":{"line":99,"column":0},"end":{"line":99,"column":55}},"99":{"start":{"line":100,"column":0},"end":{"line":100,"column":78}},"100":{"start":{"line":101,"column":0},"end":{"line":101,"column":89}},"101":{"start":{"line":102,"column":0},"end":{"line":102,"column":72}},"102":{"start":{"line":103,"column":0},"end":{"line":103,"column":74}},"103":{"start":{"line":104,"column":0},"end":{"line":104,"column":32}},"105":{"start":{"line":106,"column":0},"end":{"line":106,"column":23}},"106":{"start":{"line":107,"column":0},"end":{"line":107,"column":41}},"107":{"start":{"line":108,"column":0},"end":{"line":108,"column":47}},"108":{"start":{"line":109,"column":0},"end":{"line":109,"column":84}},"110":{"start":{"line":111,"column":0},"end":{"line":111,"column":89}},"112":{"start":{"line":113,"column":0},"end":{"line":113,"column":34}},"113":{"start":{"line":114,"column":0},"end":{"line":114,"column":51}},"114":{"start":{"line":115,"column":0},"end":{"line":115,"column":73}},"115":{"start":{"line":116,"column":0},"end":{"line":116,"column":78}},"116":{"start":{"line":117,"column":0},"end":{"line":117,"column":66}},"117":{"start":{"line":118,"column":0},"end":{"line":118,"column":68}},"118":{"start":{"line":119,"column":0},"end":{"line":119,"column":26}},"119":{"start":{"line":120,"column":0},"end":{"line":120,"column":27}},"120":{"start":{"line":121,"column":0},"end":{"line":121,"column":22}},"121":{"start":{"line":122,"column":0},"end":{"line":122,"column":20}},"122":{"start":{"line":123,"column":0},"end":{"line":123,"column":18}},"124":{"start":{"line":125,"column":0},"end":{"line":125,"column":41}},"125":{"start":{"line":126,"column":0},"end":{"line":126,"column":45}},"126":{"start":{"line":127,"column":0},"end":{"line":127,"column":107}},"127":{"start":{"line":128,"column":0},"end":{"line":128,"column":61}},"128":{"start":{"line":129,"column":0},"end":{"line":129,"column":22}},"129":{"start":{"line":130,"column":0},"end":{"line":130,"column":20}},"131":{"start":{"line":132,"column":0},"end":{"line":132,"column":16}},"132":{"start":{"line":133,"column":0},"end":{"line":133,"column":11}},"133":{"start":{"line":134,"column":0},"end":{"line":134,"column":12}},"134":{"start":{"line":135,"column":0},"end":{"line":135,"column":10}},"136":{"start":{"line":137,"column":0},"end":{"line":137,"column":1}}},"s":{"3":1,"4":1,"5":1,"6":1,"13":1,"14":13,"15":1,"16":1,"17":1,"18":1,"19":1,"20":1,"21":1,"22":1,"24":1,"26":12,"27":12,"28":12,"29":12,"30":17,"31":17,"32":17,"33":17,"34":17,"35":17,"37":17,"38":12,"39":12,"40":12,"41":12,"42":12,"45":17,"46":17,"47":17,"48":17,"49":17,"50":17,"51":17,"52":5,"53":12,"54":17,"55":17,"56":17,"57":5,"58":5,"59":8,"60":8,"61":5,"62":0,"64":5,"65":5,"66":5,"67":5,"68":5,"70":8,"71":1,"72":1,"73":1,"74":1,"75":1,"77":8,"78":1,"79":1,"80":1,"81":1,"82":1,"83":1,"85":8,"86":0,"87":0,"88":0,"89":0,"91":8,"92":1,"93":8,"94":0,"95":8,"96":5,"97":5,"98":1,"99":1,"100":1,"101":1,"102":1,"103":1,"105":5,"106":12,"107":11,"108":5,"110":6,"112":1,"113":1,"114":1,"115":1,"116":1,"117":1,"118":1,"119":0,"120":17,"121":17,"122":17,"124":17,"125":5,"126":5,"127":5,"128":5,"129":5,"131":17,"132":12,"133":12,"134":12,"136":12},"branchMap":{"0":{"type":"branch","line":14,"loc":{"start":{"line":14,"column":7},"end":{"line":137,"column":1}},"locations":[{"start":{"line":14,"column":7},"end":{"line":137,"column":1}}]},"1":{"type":"branch","line":15,"loc":{"start":{"line":15,"column":29},"end":{"line":25,"column":3}},"locations":[{"start":{"line":15,"column":29},"end":{"line":25,"column":3}}]},"2":{"type":"branch","line":25,"loc":{"start":{"line":25,"column":2},"end":{"line":137,"column":1}},"locations":[{"start":{"line":25,"column":2},"end":{"line":137,"column":1}}]},"3":{"type":"branch","line":30,"loc":{"start":{"line":30,"column":22},"end":{"line":132,"column":16}},"locations":[{"start":{"line":30,"column":22},"end":{"line":132,"column":16}}]},"4":{"type":"branch","line":35,"loc":{"start":{"line":35,"column":31},"end":{"line":35,"column":56}},"locations":[{"start":{"line":35,"column":31},"end":{"line":35,"column":56}}]},"5":{"type":"branch","line":35,"loc":{"start":{"line":35,"column":40},"end":{"line":35,"column":71}},"locations":[{"start":{"line":35,"column":40},"end":{"line":35,"column":71}}]},"6":{"type":"branch","line":38,"loc":{"start":{"line":38,"column":30},"end":{"line":43,"column":20}},"locations":[{"start":{"line":38,"column":30},"end":{"line":43,"column":20}}]},"7":{"type":"branch","line":48,"loc":{"start":{"line":48,"column":31},"end":{"line":48,"column":54}},"locations":[{"start":{"line":48,"column":31},"end":{"line":48,"column":54}}]},"8":{"type":"branch","line":48,"loc":{"start":{"line":48,"column":40},"end":{"line":48,"column":67}},"locations":[{"start":{"line":48,"column":40},"end":{"line":48,"column":67}}]},"9":{"type":"branch","line":52,"loc":{"start":{"line":52,"column":33},"end":{"line":53,"column":55}},"locations":[{"start":{"line":52,"column":33},"end":{"line":53,"column":55}}]},"10":{"type":"branch","line":53,"loc":{"start":{"line":53,"column":20},"end":{"line":54,"column":83}},"locations":[{"start":{"line":53,"column":20},"end":{"line":54,"column":83}}]},"11":{"type":"branch","line":57,"loc":{"start":{"line":57,"column":27},"end":{"line":106,"column":23}},"locations":[{"start":{"line":57,"column":27},"end":{"line":106,"column":23}}]},"12":{"type":"branch","line":98,"loc":{"start":{"line":98,"column":23},"end":{"line":99,"column":55}},"locations":[{"start":{"line":98,"column":23},"end":{"line":99,"column":55}}]},"13":{"type":"branch","line":99,"loc":{"start":{"line":99,"column":41},"end":{"line":100,"column":78}},"locations":[{"start":{"line":99,"column":41},"end":{"line":100,"column":78}}]},"14":{"type":"branch","line":100,"loc":{"start":{"line":100,"column":72},"end":{"line":104,"column":32}},"locations":[{"start":{"line":100,"column":72},"end":{"line":104,"column":32}}]},"15":{"type":"branch","line":106,"loc":{"start":{"line":106,"column":20},"end":{"line":120,"column":27}},"locations":[{"start":{"line":106,"column":20},"end":{"line":120,"column":27}}]},"16":{"type":"branch","line":107,"loc":{"start":{"line":107,"column":30},"end":{"line":111,"column":89}},"locations":[{"start":{"line":107,"column":30},"end":{"line":111,"column":89}}]},"17":{"type":"branch","line":108,"loc":{"start":{"line":108,"column":37},"end":{"line":109,"column":84}},"locations":[{"start":{"line":108,"column":37},"end":{"line":109,"column":84}}]},"18":{"type":"branch","line":109,"loc":{"start":{"line":109,"column":77},"end":{"line":111,"column":89}},"locations":[{"start":{"line":109,"column":77},"end":{"line":111,"column":89}}]},"19":{"type":"branch","line":111,"loc":{"start":{"line":111,"column":87},"end":{"line":120,"column":27}},"locations":[{"start":{"line":111,"column":87},"end":{"line":120,"column":27}}]},"20":{"type":"branch","line":119,"loc":{"start":{"line":119,"column":20},"end":{"line":120,"column":27}},"locations":[{"start":{"line":119,"column":20},"end":{"line":120,"column":27}}]},"21":{"type":"branch","line":125,"loc":{"start":{"line":125,"column":30},"end":{"line":130,"column":20}},"locations":[{"start":{"line":125,"column":30},"end":{"line":130,"column":20}}]},"22":{"type":"branch","line":130,"loc":{"start":{"line":130,"column":14},"end":{"line":130,"column":20}},"locations":[{"start":{"line":130,"column":14},"end":{"line":130,"column":20}}]},"23":{"type":"branch","line":59,"loc":{"start":{"line":59,"column":41},"end":{"line":97,"column":23}},"locations":[{"start":{"line":59,"column":41},"end":{"line":97,"column":23}}]},"24":{"type":"branch","line":61,"loc":{"start":{"line":61,"column":26},"end":{"line":69,"column":32}},"locations":[{"start":{"line":61,"column":26},"end":{"line":69,"column":32}}]},"25":{"type":"branch","line":62,"loc":{"start":{"line":62,"column":52},"end":{"line":63,"column":102}},"locations":[{"start":{"line":62,"column":52},"end":{"line":63,"column":102}}]},"26":{"type":"branch","line":71,"loc":{"start":{"line":71,"column":26},"end":{"line":76,"column":36}},"locations":[{"start":{"line":71,"column":26},"end":{"line":76,"column":36}}]},"27":{"type":"branch","line":78,"loc":{"start":{"line":78,"column":26},"end":{"line":84,"column":32}},"locations":[{"start":{"line":78,"column":26},"end":{"line":84,"column":32}}]},"28":{"type":"branch","line":86,"loc":{"start":{"line":86,"column":26},"end":{"line":90,"column":36}},"locations":[{"start":{"line":86,"column":26},"end":{"line":90,"column":36}}]},"29":{"type":"branch","line":92,"loc":{"start":{"line":92,"column":26},"end":{"line":93,"column":117}},"locations":[{"start":{"line":92,"column":26},"end":{"line":93,"column":117}}]},"30":{"type":"branch","line":93,"loc":{"start":{"line":93,"column":107},"end":{"line":93,"column":117}},"locations":[{"start":{"line":93,"column":107},"end":{"line":93,"column":117}}]},"31":{"type":"branch","line":94,"loc":{"start":{"line":94,"column":26},"end":{"line":95,"column":40}},"locations":[{"start":{"line":94,"column":26},"end":{"line":95,"column":40}}]},"32":{"type":"branch","line":96,"loc":{"start":{"line":96,"column":24},"end":{"line":96,"column":25}},"locations":[{"start":{"line":96,"column":24},"end":{"line":96,"column":25}}]}},"b":{"0":[13],"1":[1],"2":[12],"3":[17],"4":[5],"5":[12],"6":[12],"7":[5],"8":[12],"9":[5],"10":[12],"11":[5],"12":[1],"13":[1],"14":[1],"15":[12],"16":[11],"17":[5],"18":[6],"19":[1],"20":[0],"21":[5],"22":[0],"23":[8],"24":[5],"25":[0],"26":[1],"27":[1],"28":[0],"29":[1],"30":[0],"31":[0],"32":[0]},"fnMap":{"0":{"name":"MessageList","decl":{"start":{"line":14,"column":7},"end":{"line":137,"column":1}},"loc":{"start":{"line":14,"column":7},"end":{"line":137,"column":1}},"line":14}},"f":{"0":13}},"D:\\pyprj\\uigen\\src\\components\\chat\\ToolCallIndicator.tsx":{"path":"D:\\pyprj\\uigen\\src\\components\\chat\\ToolCallIndicator.tsx","all":false,"statementMap":{"2":{"start":{"line":3,"column":0},"end":{"line":3,"column":85}},"15":{"start":{"line":16,"column":0},"end":{"line":16,"column":79}},"16":{"start":{"line":17,"column":0},"end":{"line":17,"column":51}},"18":{"start":{"line":19,"column":0},"end":{"line":19,"column":32}},"19":{"start":{"line":20,"column":0},"end":{"line":20,"column":23}},"20":{"start":{"line":21,"column":0},"end":{"line":21,"column":32}},"21":{"start":{"line":22,"column":0},"end":{"line":22,"column":49}},"23":{"start":{"line":24,"column":0},"end":{"line":24,"column":39}},"24":{"start":{"line":25,"column":0},"end":{"line":25,"column":71}},"26":{"start":{"line":27,"column":0},"end":{"line":27,"column":26}},"27":{"start":{"line":28,"column":0},"end":{"line":28,"column":24}},"28":{"start":{"line":29,"column":0},"end":{"line":29,"column":42}},"29":{"start":{"line":30,"column":0},"end":{"line":30,"column":29}},"30":{"start":{"line":31,"column":0},"end":{"line":31,"column":41}},"31":{"start":{"line":32,"column":0},"end":{"line":32,"column":24}},"32":{"start":{"line":33,"column":0},"end":{"line":33,"column":43}},"33":{"start":{"line":34,"column":0},"end":{"line":34,"column":22}},"34":{"start":{"line":35,"column":0},"end":{"line":35,"column":41}},"35":{"start":{"line":36,"column":0},"end":{"line":36,"column":18}},"36":{"start":{"line":37,"column":0},"end":{"line":37,"column":43}},"37":{"start":{"line":38,"column":0},"end":{"line":38,"column":9}},"39":{"start":{"line":40,"column":0},"end":{"line":40,"column":26}},"40":{"start":{"line":41,"column":0},"end":{"line":41,"column":46}},"42":{"start":{"line":43,"column":0},"end":{"line":43,"column":72}},"43":{"start":{"line":44,"column":0},"end":{"line":44,"column":87}},"45":{"start":{"line":46,"column":0},"end":{"line":46,"column":30}},"46":{"start":{"line":47,"column":0},"end":{"line":47,"column":24}},"47":{"start":{"line":48,"column":0},"end":{"line":48,"column":90}},"48":{"start":{"line":49,"column":0},"end":{"line":49,"column":64}},"49":{"start":{"line":50,"column":0},"end":{"line":50,"column":24}},"50":{"start":{"line":51,"column":0},"end":{"line":51,"column":46}},"51":{"start":{"line":52,"column":0},"end":{"line":52,"column":18}},"52":{"start":{"line":53,"column":0},"end":{"line":53,"column":46}},"53":{"start":{"line":54,"column":0},"end":{"line":54,"column":9}},"55":{"start":{"line":56,"column":0},"end":{"line":56,"column":14}},"56":{"start":{"line":57,"column":0},"end":{"line":57,"column":43}},"57":{"start":{"line":58,"column":0},"end":{"line":58,"column":5}},"58":{"start":{"line":59,"column":0},"end":{"line":59,"column":4}},"60":{"start":{"line":61,"column":0},"end":{"line":61,"column":29}},"61":{"start":{"line":62,"column":0},"end":{"line":62,"column":23}},"62":{"start":{"line":63,"column":0},"end":{"line":63,"column":32}},"63":{"start":{"line":64,"column":0},"end":{"line":64,"column":35}},"65":{"start":{"line":66,"column":0},"end":{"line":66,"column":33}},"66":{"start":{"line":67,"column":0},"end":{"line":67,"column":26}},"67":{"start":{"line":68,"column":0},"end":{"line":68,"column":24}},"68":{"start":{"line":69,"column":0},"end":{"line":69,"column":28}},"69":{"start":{"line":70,"column":0},"end":{"line":70,"column":22}},"70":{"start":{"line":71,"column":0},"end":{"line":71,"column":30}},"71":{"start":{"line":72,"column":0},"end":{"line":72,"column":18}},"72":{"start":{"line":73,"column":0},"end":{"line":73,"column":25}},"73":{"start":{"line":74,"column":0},"end":{"line":74,"column":9}},"75":{"start":{"line":76,"column":0},"end":{"line":76,"column":26}},"76":{"start":{"line":77,"column":0},"end":{"line":77,"column":35}},"78":{"start":{"line":79,"column":0},"end":{"line":79,"column":53}},"79":{"start":{"line":80,"column":0},"end":{"line":80,"column":37}},"80":{"start":{"line":81,"column":0},"end":{"line":81,"column":24}},"81":{"start":{"line":82,"column":0},"end":{"line":82,"column":25}},"82":{"start":{"line":83,"column":0},"end":{"line":83,"column":18}},"83":{"start":{"line":84,"column":0},"end":{"line":84,"column":28}},"84":{"start":{"line":85,"column":0},"end":{"line":85,"column":9}},"86":{"start":{"line":87,"column":0},"end":{"line":87,"column":14}},"87":{"start":{"line":88,"column":0},"end":{"line":88,"column":24}},"88":{"start":{"line":89,"column":0},"end":{"line":89,"column":5}},"89":{"start":{"line":90,"column":0},"end":{"line":90,"column":4}},"91":{"start":{"line":92,"column":0},"end":{"line":92,"column":29}},"92":{"start":{"line":93,"column":0},"end":{"line":93,"column":35}},"93":{"start":{"line":94,"column":0},"end":{"line":94,"column":41}},"95":{"start":{"line":96,"column":0},"end":{"line":96,"column":10}},"96":{"start":{"line":97,"column":0},"end":{"line":97,"column":128}},"97":{"start":{"line":98,"column":0},"end":{"line":98,"column":22}},"98":{"start":{"line":99,"column":0},"end":{"line":99,"column":10}},"99":{"start":{"line":100,"column":0},"end":{"line":100,"column":69}},"100":{"start":{"line":101,"column":0},"end":{"line":101,"column":55}},"101":{"start":{"line":102,"column":0},"end":{"line":102,"column":73}},"102":{"start":{"line":103,"column":0},"end":{"line":103,"column":11}},"104":{"start":{"line":105,"column":0},"end":{"line":105,"column":10}},"105":{"start":{"line":106,"column":0},"end":{"line":106,"column":97}},"106":{"start":{"line":107,"column":0},"end":{"line":107,"column":55}},"107":{"start":{"line":108,"column":0},"end":{"line":108,"column":73}},"108":{"start":{"line":109,"column":0},"end":{"line":109,
[...]
":{"line":68,"column":136}},"68":{"start":{"line":69,"column":0},"end":{"line":69,"column":340}},"70":{"start":{"line":71,"column":0},"end":{"line":71,"column":4}},"71":{"start":{"line":72,"column":0},"end":{"line":72,"column":95}},"76":{"start":{"line":77,"column":0},"end":{"line":77,"column":52}},"77":{"start":{"line":78,"column":0},"end":{"line":78,"column":37}},"78":{"start":{"line":79,"column":0},"end":{"line":79,"column":37}},"79":{"start":{"line":80,"column":0},"end":{"line":80,"column":37}},"80":{"start":{"line":81,"column":0},"end":{"line":81,"column":37}},"82":{"start":{"line":83,"column":0},"end":{"line":83,"column":4}},"86":{"start":{"line":87,"column":0},"end":{"line":87,"column":4}},"101":{"start":{"line":102,"column":0},"end":{"line":102,"column":13}},"103":{"start":{"line":104,"column":0},"end":{"line":104,"column":37}},"107":{"start":{"line":108,"column":0},"end":{"line":108,"column":7}},"112":{"start":{"line":113,"column":0},"end":{"line":113,"column":10264}},"113":{"start":{"line":114,"column":0},"end":{"line":114,"column":12285}},"114":{"start":{"line":115,"column":0},"end":{"line":115,"column":4838}},"115":{"start":{"line":116,"column":0},"end":{"line":116,"column":1862}},"116":{"start":{"line":117,"column":0},"end":{"line":117,"column":3255}},"123":{"start":{"line":124,"column":0},"end":{"line":124,"column":8892}},"124":{"start":{"line":125,"column":0},"end":{"line":125,"column":936}},"125":{"start":{"line":126,"column":0},"end":{"line":126,"column":236}},"126":{"start":{"line":127,"column":0},"end":{"line":127,"column":186}},"127":{"start":{"line":128,"column":0},"end":{"line":128,"column":838}},"128":{"start":{"line":129,"column":0},"end":{"line":129,"column":3917}},"130":{"start":{"line":131,"column":0},"end":{"line":131,"column":4}},"132":{"start":{"line":133,"column":0},"end":{"line":133,"column":10767}},"133":{"start":{"line":134,"column":0},"end":{"line":134,"column":1476}},"134":{"start":{"line":135,"column":0},"end":{"line":135,"column":32}}},"s":{"3":0,"4":0,"5":0,"6":0,"7":0,"8":0,"9":0,"11":0,"12":0,"13":0,"14":0,"15":0,"17":0,"18":0,"20":0,"21":0,"22":0,"23":0,"24":0,"25":0,"26":0,"27":0,"28":0,"29":0,"30":0,"31":0,"32":0,"33":0,"35":0,"37":0,"38":0,"39":0,"41":0,"42":0,"44":0,"45":0,"47":0,"49":0,"50":0,"52":0,"54":0,"56":0,"57":0,"59":0,"61":0,"62":0,"64":0,"66":0,"67":0,"68":0,"70":0,"71":0,"76":0,"77":0,"78":0,"79":0,"80":0,"82":0,"86":0,"101":0,"103":0,"107":0,"112":0,"113":0,"114":0,"115":0,"116":0,"123":0,"124":0,"125":0,"126":0,"127":0,"128":0,"130":0,"132":0,"133":0,"134":0},"branchMap":{"0":{"type":"branch","line":1,"loc":{"start":{"line":1,"column":202786},"end":{"line":146,"column":35}},"locations":[{"start":{"line":1,"column":202786},"end":{"line":146,"column":35}}]}},"b":{"0":[1]},"fnMap":{"0":{"name":"(empty-report)","decl":{"start":{"line":1,"column":202786},"end":{"line":146,"column":35}},"loc":{"start":{"line":1,"column":202786},"end":{"line":146,"column":35}},"line":1}},"f":{"0":1}},"D:\\pyprj\\uigen\\src\\app\\api\\chat\\route.ts":{"path":"D:\\pyprj\\uigen\\src\\app\\api\\chat\\route.ts","all":true,"statementMap":{"1":{"start":{"line":2,"column":0},"end":{"line":2,"column":54}},"2":{"start":{"line":3,"column":0},"end":{"line":3,"column":56}},"3":{"start":{"line":4,"column":0},"end":{"line":4,"column":62}},"4":{"start":{"line":5,"column":0},"end":{"line":5,"column":64}},"5":{"start":{"line":6,"column":0},"end":{"line":6,"column":38}},"6":{"start":{"line":7,"column":0},"end":{"line":7,"column":40}},"7":{"start":{"line":8,"column":0},"end":{"line":8,"column":50}},"8":{"start":{"line":9,"column":0},"end":{"line":9,"column":60}},"11":{"start":{"line":12,"column":0},"end":{"line":12,"column":46}},"13":{"start":{"line":14,"column":0},"end":{"line":14,"column":18}},"14":{"start":{"line":15,"column":0},"end":{"line":15,"column":7}},"15":{"start":{"line":16,"column":0},"end":{"line":16,"column":35}},"16":{"start":{"line":17,"column":0},"end":{"line":17,"column":19}},"17":{"start":{"line":18,"column":0},"end":{"line":18,"column":24}},"18":{"start":{"line":19,"column":0},"end":{"line":19,"column":22}},"19":{"start":{"line":20,"column":0},"end":{"line":20,"column":46}},"20":{"start":{"line":21,"column":0},"end":{"line":21,"column":9}},"21":{"start":{"line":22,"column":0},"end":{"line":22,"column":7}},"22":{"start":{"line":23,"column":0},"end":{"line":23,"column":20}},"23":{"start":{"line":24,"column":0},"end":{"line":24,"column":18}},"24":{"start":{"line":25,"column":0},"end":{"line":25,"column":45}},"25":{"start":{"line":26,"column":0},"end":{"line":26,"column":10}},"26":{"start":{"line":27,"column":0},"end":{"line":27,"column":7}},"27":{"start":{"line":28,"column":0},"end":{"line":28,"column":6}},"28":{"start":{"line":29,"column":0},"end":{"line":29,"column":3}},"30":{"start":{"line":31,"column":0},"end":{"line":31,"column":9}},"31":{"start":{"line":32,"column":0},"end":{"line":32,"column":13}},"32":{"start":{"line":33,"column":0},"end":{"line":33,"column":10}},"33":{"start":{"line":34,"column":0},"end":{"line":34,"column":14}},"34":{"start":{"line":35,"column":0},"end":{"line":35,"column":92}},"36":{"start":{"line":37,"column":0},"end":{"line":37,"column":20}},"37":{"start":{"line":38,"column":0},"end":{"line":38,"column":19}},"38":{"start":{"line":39,"column":0},"end":{"line":39,"column":30}},"39":{"start":{"line":40,"column":0},"end":{"line":40,"column":22}},"40":{"start":{"line":41,"column":0},"end":{"line":41,"column":57}},"41":{"start":{"line":42,"column":0},"end":{"line":42,"column":6}},"42":{"start":{"line":43,"column":0},"end":{"line":43,"column":5}},"45":{"start":{"line":46,"column":0},"end":{"line":46,"column":45}},"46":{"start":{"line":47,"column":0},"end":{"line":47,"column":41}},"48":{"start":{"line":49,"column":0},"end":{"line":49,"column":35}},"50":{"start":{"line":51,"column":0},"end":{"line":51,"column":56}},"51":{"start":{"line":52,"column":0},"end":{"line":52,"column":29}},"52":{"start":{"line":53,"column":0},"end":{"line":53,"column":10}},"53":{"start":{"line":54,"column":0},"end":{"line":54,"column":13}},"54":{"start":{"line":55,"column":0},"end":{"line":55,"column":22}},"55":{"start":{"line":56,"column":0},"end":{"line":56,"column":38}},"56":{"start":{"line":57,"column":0},"end":{"line":57,"column":28}},"57":{"start":{"line":58,"column":0},"end":{"line":58,"column":25}},"58":{"start":{"line":59,"column":0},"end":{"line":59,"column":6}},"59":{"start":{"line":60,"column":0},"end":{"line":60,"column":12}},"60":{"start":{"line":61,"column":0},"end":{"line":61,"column":58}},"61":{"start":{"line":62,"column":0},"end":{"line":62,"column":53}},"62":{"start":{"line":63,"column":0},"end":{"line":63,"column":6}},"63":{"start":{"line":64,"column":0},"end":{"line":64,"column":39}},"65":{"start":{"line":66,"column":0},"end":{"line":66,"column":22}},"66":{"start":{"line":67,"column":0},"end":{"line":67,"column":13}},"68":{"start":{"line":69,"column":0},"end":{"line":69,"column":45}},"69":{"start":{"line":70,"column":0},"end":{"line":70,"column":25}},"70":{"start":{"line":71,"column":0},"end":{"line":71,"column":73}},"71":{"start":{"line":72,"column":0},"end":{"line":72,"column":19}},"72":{"start":{"line":73,"column":0},"end":{"line":73,"column":11}},"75":{"start":{"line":76,"column":0},"end":{"line":76,"column":59}},"77":{"start":{"line":78,"column":0},"end":{"line":78,"column":54}},"78":{"start":{"line":79,"column":0},"end":{"line":79,"column":71}},"79":{"start":{"line":80,"column":0},"end":{"line":80,"column":29}},"80":{"start":{"line":81,"column":0},"end":{"line":81,"column":13}},"82":{"start":{"line":83,"column":0},"end":{"line":83,"column":39}},"83":{"start":{"line":84,"column":0},"end":{"line":84,"column":20}},"84":{"start":{"line":85,"column":0},"end":{"line":85,"column":28}},"85":{"start":{"line":86,"column":0},"end":{"line":86,"column":37}},"86":{"start":{"line":87,"column":0},"end":{"line":87,"column":14}},"87":{"start":{"line":88,"column":0},"end":{"line":88,"column":19}},"88":{"start":{"line":89,"column":0},"end":{"line":89,"column":52}},"89":{"start":{"line":90,"column":0},"end":{"line":90,"column":59}},"90":{"start":{"line":91,"column":0},"end":{"line":91,"column":14}},"91":{"start":{"line":92,"column":0},"end":{"line":92,"column":13}},"92":{"start":{"line":93,"column":0},"end":{"line":93,"column":25}},"93":{"start":{"line":94,"column":0},"end":{"line":94,"column":63}},"94":{"start":{"line":95,"column":0},"end":{"line":95,"column":9}},"95":{"start":{"line":96,"column":0},"end":{"line":96,"column":7}},"96":{"start":{"line":97,"column":0},"end":{"line":97,"column":6}},"97":{"start":{"line":98,"column":0},"end":{"line":98,"column":5}},"99":{"start":{"line":100,"column":0},"end":{"line":100,"column":39}},"100":{"start":{"line":101,"column":0},"end":{"line":101,"column":1}},"102":{"start":{"line":103,"column":0},"end":{"line":103,"column":31}}},"s":{"1":0,"2":0,"3":0,"4":0,"5":0,"6":0,"7":0,"8":0,"11":0,"13":0,"14":0,"15":0,"16":0,"17":0,"18":0,"19":0,"20":0,"21":0,"22":0,"23":0,"24":0,"25":0,"26":0,"27":0,"28":0,"30":0,"31":0,"32":0,"33":0,"34":0,"36":0,"37":0,"38":0,"39":0,"40":0,"41":0,"42":0,"45":0,"46":0,"48":0,"50":0,"51":0,"52":0,"53":0,"54":0,"55":0,"56":0,"57":0,"58":0,"59":0,"60":0,"61":0,"62":0,"63":0,"65":0,"66":0,"68":0,"69":0,"70":0,"71":0,"72":0,"75":0,"77":0,"78":0,"79":0,"80":0,"82":0,"83":0,"84":0,"85":0,"86":0,"87":0,"88":0,"89":0,"90":0,"91":0,"92":0,"93":0,"94":0,"95":0,"96":0,"97":0,"99":0,"100":0,"102":0},"branchMap":{"0":{"type":"branch","line":1,"loc":{"start":{"line":1,"column":3033},"end":{"line":103,"column":31}},"locations":[{"start":{"line":1,"column":3033},"end":{"line":103,"column":31}}]}},"b":{"0":[1]},"fnMap":{"0":{"name":"(empty-report)","decl":{"start":{"line":1,"column":3033},"end":{"line":103,"column":31}},"loc":{"start":{"line":1,"column":3033},"end":{"line":103,"column":31}},"line":1}},"f":{"0":1}},"D:\\pyprj\\uigen\\src\\app\\api\\auth\\refresh\\route.ts":{"path":"D:\\pyprj\\uigen\\src\\app\\api\\auth\\refresh\\route.ts","all":true,"statementMap":{"0":{"start":{"line":1,"column":0},"end":{"line":1,"column":56}},"1":{"start":{"line":2,"column":0},"end":{"line":2,"column":44}},"2":{"start":{"line":3,"column":0},"end":{"line":3,"column":45}},"3":{"start":{"line":4,"column":0},"end":{"line":4,"column":52}},"6":{"start":{"line":7,"column":0},"end":{"line":7,"column":36}},"7":{"start":{"line":8,"column":0},"end":{"line":8,"column":27}},"8":{"start":{"line":9,"column":0},"end":{"line":9,"column":45}},"9":{"start":{"line":10,"column":0},"end":{"line":10,"column":26}},"10":{"start":{"line":11,"column":0},"end":{"line":11,"column":3}},"12":{"start":{"line":13,"column":0},"end":{"line":13,"column":46}},"14":{"start":{"line":15,"column":0},"end":{"line":15,"column":54}},"16":{"start":{"line":17,"column":0},"end":{"line":17,"column":33}},"17":{"start":{"line":18,"column":0},"end":{"line":18,"column":29}},"18":{"start":{"line":19,"column":0},"end":{"line":19,"column":7}},"19":{"start":{"line":20,"column":0},"end":{"line":20,"column":68}},"20":{"start":{"line":21,"column":0},"end":{"line":21,"column":47}},"21":{"start":{"line":22,"column":0},"end":{"line":22,"column":8}},"22":{"start":{"line":23,"column":0},"end":{"line":23,"column":7}},"23":{"start":{"line":24,"column":0},"end":{"line":24,"column":20}},"24":{"start":{"line":25,"column":0},"end":{"line":25,"column":18}},"25":{"start":{"line":26,"column":0},"end":{"line":26,"column":64}},"26":{"start":{"line":27,"column":0},"end":{"line":27,"column":72}},"27":{"start":{"line":28,"column":0},"end":{"line":28,"column":81}},"28":{"start":{"line":29,"column":0},"end":{"line":29,"column":73}},"29":{"start":{"line":30,"column":0},"end":{"line":30,"column":10}},"30":{"start":{"line":31,"column":0},"end":{"line":31,"column":7}},"31":{"start":{"line":32,"column":0},"end":{"line":32,"column":6}},"32":{"start":{"line":33,"column":0},"end":{"line":33,"column":3}},"34":{"start":{"line":35,"column":0},"end":{"line":35,"column":7}},"35":{"start":{"line":36,"column":0},"end":{"line":36,"column":46}},"37":{"start":{"line":38,"column":0},"end":{"line":38,"column":22}},"38":{"start":{"line":39,"column":0},"end":{"line":39,"column":31}},"39":{"start":{"line":40,"column":0},"end":{"line":40,"column":54}},"40":{"start":{"line":41,"column":0},"end":{"line":41,"column":23}},"41":{"start":{"line":42,"column":0},"end":{"line":42,"column":8}},"42":{"start":{"line":43,"column":0},"end":{"line":43,"column":5}},"45":{"start":{"line":46,"column":0},"end":{"line":46,"column":57}},"46":{"start":{"line":47,"column":0},"end":{"line":47,"column":48}},"47":{"start":{"line":48,"column":0},"end":{"line":48,"column":63}},"48":{"start":{"line":49,"column":0},"end":{"line":49,"column":65}},"49":{"start":{"line":50,"column":0},"end":{"line":50,"column":55}},"51":{"start":{"line":52,"column":0},"end":{"line":52,"column":75}},"53":{"start":{"line":54,"column":0},"end":{"line":54,"column":30}},"54":{"start":{"line":55,"column":0},"end":{"line":55,"column":20}},"55":{"start":{"line":56,"column":0},"end":{"line":56,"column":13}},"56":{"start":{"line":57,"column":0},"end":{"line":57,"column":30}},"57":{"start":{"line":58,"column":0},"end":{"line":58,"column":32}},"58":{"start":{"line":59,"column":0},"end":{"line":59,"column":8}},"59":{"start":{"line":60,"column":0},"end":{"line":60,"column":38}},"60":{"start":{"line":61,"column":0},"end":{"line":61,"column":7}},"61":{"start":{"line":62,"column":0},"end":{"line":62,"column":19}},"62":{"start":{"line":63,"column":0},"end":{"line":63,"column":49}},"63":{"start":{"line":64,"column":0},"end":{"line":64,"column":29}},"64":{"start":{"line":65,"column":0},"end":{"line":65,"column":43}},"65":{"start":{"line":66,"column":0},"end":{"line":66,"column":21}},"66":{"start":{"line":67,"column":0},"end":{"line":67,"column":6}},"67":{"start":{"line":68,"column":0},"end":{"line":68,"column":3}},"68":{"start":{"line":69,"column":0},"end":{"line":69,"column":1}}},"s":{"0":0,"1":0,"2":0,"3":0,"6":0,"7":0,"8":0,"9":0,"10":0,"12":0,"14":0,"16":0,"17":0,"18":0,"19":0,"20":0,"21":0,"22":0,"23":0,"24":0,"25":0,"26":0,"27":0,"28":0,"29":0,"30":0,"31":0,"32":0,"34":0,"35":0,"37":0,"38":0,"39":0,"40":0,"41":0,"42":0,"45":0,"46":0,"47":0,"48":0,"49":0,"51":0,"53":0,"54":0,"55":0,"56":0,"57":0,"58":0,"59":0,"60":0,"61":0,"62":0,"63":0,"64":0,"65":0,"66":0,"67":0,"68":0},"branchMap":{"0":{"type":"branch","line":1,"loc":{"start":{"line":1,"column":2089},"end":{"line":69,"column":1}},"locations":[{"start":{"line":1,"column":2089},"end":{"line":69,"column":1}}]}},"b":{"0":[0]},"fnMap":{"0":{"name":"(empty-report)","decl":{"start":{"line":1,"column":2089},"end":{"line":69,"column":1}},"loc":{"start":{"line":1,"column":2089},"end":{"line":69,"column":1}},"line":1}},"f":{"0":0}},"D:\\pyprj\\uigen\\src\\generated\\prisma\\runtime\\edge-esm.js":{"path":"D:\\pyprj\\uigen\\src\\generated\\prisma\\runtime\\edge-esm.js","all":true,"statementMap":{"1":{"start":{"line":2,"column":0},"end":{"line":2,"column":66}},"2":{"start":{"line":3,"column":0},"end":{"line":3,"column":20}},"3":{"start":{"line":4,"column":0},"end":{"line":4,"column":76526}},"4":{"start":{"line":5,"column":0},"end":{"line":5,"column":2656}},"5":{"start":{"line":6,"column":0},"end":{"line":6,"column":5516}},"6":{"start":{"line":7,"column":0},"end":{"line":7,"column":9390}},"7":{"start":{"line":8,"column":0},"end":{"line":8,"column":16940}},"8":{"start":{"line":9,"column":0},"end":{"line":9,"column":9114}},"10":{"start":{"line":11,"column":0},"end":{"line":11,"column":1507}},"12":{"start":{"line":13,"column":0},"end":{"line":13,"column":118}},"13":{"start":{"line":14,"column":0},"end":{"line":14,"column":9183}},"14":{"start":{"line":15,"column":0},"end":{"line":15,"column":7562}},"15":{"start":{"line":16,"column":0},"end":{"line":16,"column":3338}},"16":{"start":{"line":17,"column":0},"end":{"line":17,"column":185}},"18":{"start":{"line":19,"column":0},"end":{"line":19,"column":8}},"19":{"start":{"line":20,"column":0},"end":{"line":20,"column":84}},"21":{"start":{"line":22,"column":0},"end":{"line":22,"column":47}},"22":{"start":{"line":23,"column":0},"end":{"line":23,"column":9168}},"23":{"start":{"line":24,"column":0},"end":{"line":24,"column":936}},"24":{"start":{"line":25,"column":0},"end":{"line":25,"column":236}},"25":{"start":{"line":26,"column":0},"end":{"line":26,"column":186}},"26":{"start":{"line":27,"column":0},"end":{"line":27,"column":838}},"27":{"start":{"line":28,"column":0},"end":{"line":28,"column":3917}},"29":{"start":{"line":30,"column":0},"end":{"line":30,"column":4}},"31":{"start":{"line":32,"column":0},"end":{"line":32,"column":10628}},"32":{"start":{"line":33,"column":0},"end":{"line":33,"column":1691}},"33":{"start":{"line":34,"column":0},"end":{"line":34,"column":36}}},"s":{"1":0,"2":0,"3":0,"4":0,"5":0,"6":0,"7":0,"8":0,"10":0,"12":0,"13":0,"14":0,"15":0,"16":0,"18":0,"19":0,"21":0,"22":0,"23":0,"24":0,"25":0,"26":0,"27":0,"29":0,"31":0,"32":0,"33":0},"branchMap":{"0":{"type":"branch","line":1,"loc":{"start":{"line":1,"column":169933},"end":{"line":34,"column":36}},"locations":[{"start":{"line":1,"column":169933},"end":{"line":34,"column":36}}]}},"b":{"0":[1]},"fnMap":{"0":{"name":"(empty-report)","decl":{"start":{"line":1,"column":169933},"end":{"line":34,"column":36}},"loc":{"start":{"line":1,"column":169933},"end":{"line":34,"column":36}},"line":1}},"f":{"0":1}},"D:\\pyprj\\uigen\\src\\generated\\prisma\\runtime\\edge.js":{"path":"D:\\pyprj\\uigen\\src\\generated\\prisma\\runtime\\edge.js","all":true,"statementMap":{"1":{"start":{"line":2,"column":0},"end":{"line":2,"column":66}},"2":{"start":{"line":3,"column":0},"end":{"line":3,"column":20}},"3":{"start":{"line":4,"column":0},"end":{"line":4,"column":77290}},"4":{"start":{"line":5,"column":0},"end":{"line":5,"column":2656}},"5":{"start":{"line":6,"column":0},"end":{"line":6,"column":5516}},"6":{"start":{"line":7,"column":0},"end":{"line":7,"column":9390}},"7":{"start":{"line":8,"column":0},"end":{"line":8,"column":16940}},"8":{"start":{"line":9,"column":0},"end":{"line":9,"column":9114}},"10":{"start":{"line":11,"column":0},"end":{"line":11,"column":1507}},"12":{"start":{"line":13,"column":0},"end":{"line":13,"column":118}},"13":{"start":{"line":14,"column":0},"end":{"line":14,"column":9183}},"14":{"start":{"line":15,"column":0},"end":{"line":15,"column":7562}},"15":{"start":{"line":16,"column":0},"end":{"line":16,"column":3338}},"16":{"start":{"line":17,"column":0},"end":{"line":17,"column":185}},"18":{"start":{"line":19,"column":0},"end":{"line":19,"column":8}},"19":{"start":{"line":20,"column":0},"end":{"line":20,"column":84}},"21":{"start":{"line":22,"column":0},"end":{"line":22,"column":47}},"22":{"start":{"line":23,"column":0},"end":{"line":23,"column":9168}},"23":{"start":{"line":24,"column":0},"end":{"line":24,"column":936}},"24":{"start":{"line":25,"column":0},"end":{"line":25,"column":236}},"25":{"start":{"line":26,"column":0},"end":{"line":26,"column":186}},"26":{"start":{"line":27,"column":0},"end":{"line":27,"column":838}},"27":{"start":{"line":28,"column":0},"end":{"line":28,"column":3917}},"29":{"start":{"line":30,"column":0},"end":{"line":30,"column":4}},"31":{"start":{"line":32,"column":0},"end":{"line":32,"column":10628}},"32":{"start":{"line":33,"column":0},"end":{"line":33,"column":1472}},"33":{"start":{"line":34,"column":0},"end":{"line":34,"column":32}}},"s":{"1":0,"2":0,"3":0,"4":0,"5":0,"6":0,"7":0,"8":0,"10":0,"12":0,"13":0,"14":0,"15":0,"16":0,"18":0,"19":0,"21":0,"22":0,"23":0,"24":0,"25":0,"26":0,"27":0,"29":0,"31":0,"32":0,"33":0},"branchMap":{"0":{"type":"branch","line":1,"loc":{"start":{"line":1,"column":170474},"end":{"line":34,"column":32}},"locations":[{"start":{"line":1,"column":170474},"end":{"line":34,"column":32}}]}},"b":{"0":[1]},"fnMap":{"0":{"name":"(empty-report)","decl":{"start":{"line":1,"column":170474},"end":{"line":34,"column":32}},"loc":{"start":{"line":1,"column":170474},"end":{"line":34,"column":32}},"line":1}},"f":{"0":1}}}}
